2024-06-14 04:29:49,546 INFO o.a.j.u.JMeterUtils: Setting Locale to en_EN
2024-06-14 04:29:49,576 INFO o.a.j.JMeter: Loading user properties from: /opt/jmeter/bin/user.properties
2024-06-14 04:29:49,577 INFO o.a.j.JMeter: Loading system properties from: /opt/jmeter/bin/system.properties
2024-06-14 04:29:49,585 INFO o.a.j.JMeter: Copyright (c) 1998-2023 The Apache Software Foundation
2024-06-14 04:29:49,586 INFO o.a.j.JMeter: Version 5.6.2
2024-06-14 04:29:49,586 INFO o.a.j.JMeter: java.version=17
2024-06-14 04:29:49,586 INFO o.a.j.JMeter: java.vm.name=OpenJDK 64-Bit Server VM
2024-06-14 04:29:49,586 INFO o.a.j.JMeter: os.name=Linux
2024-06-14 04:29:49,586 INFO o.a.j.JMeter: os.arch=amd64
2024-06-14 04:29:49,586 INFO o.a.j.JMeter: os.version=6.9.3-arch1-1
2024-06-14 04:29:49,586 INFO o.a.j.JMeter: file.encoding=UTF-8
2024-06-14 04:29:49,587 INFO o.a.j.JMeter: java.awt.headless=true
2024-06-14 04:29:49,587 INFO o.a.j.JMeter: Max memory     =1073741824
2024-06-14 04:29:49,587 INFO o.a.j.JMeter: Available Processors =4
2024-06-14 04:29:49,601 INFO o.a.j.JMeter: Default Locale=English (EN)
2024-06-14 04:29:49,601 INFO o.a.j.JMeter: JMeter  Locale=English (EN)
2024-06-14 04:29:49,601 INFO o.a.j.JMeter: JMeterHome=/opt/jmeter
2024-06-14 04:29:49,601 INFO o.a.j.JMeter: user.dir  =/home/k1rard/courses-code/Java-Multithreading/concurrency-multithreading-course
2024-06-14 04:29:49,602 INFO o.a.j.JMeter: PWD       =/home/k1rard/courses-code/Java-Multithreading/concurrency-multithreading-course
2024-06-14 04:29:49,602 INFO o.a.j.JMeter: IP: 127.0.1.1 Name: Dell-Arch FullName: Dell-Arch.localhost
2024-06-14 04:29:49,618 INFO o.a.j.s.FileServer: Default base='/home/k1rard/courses-code/Java-Multithreading/concurrency-multithreading-course'
2024-06-14 04:29:49,620 INFO o.a.j.s.FileServer: Set new base='/home/k1rard/courses-code/Java-Multithreading/concurrency-multithreading-course'
2024-06-14 04:29:49,892 INFO o.a.j.s.SaveService: Testplan (JMX) version: 2.2. Testlog (JTL) version: 2.2
2024-06-14 04:29:49,930 INFO o.a.j.s.SaveService: Using SaveService properties version 5.0
2024-06-14 04:29:49,935 INFO o.a.j.s.SaveService: Using SaveService properties file encoding UTF-8
2024-06-14 04:29:49,941 INFO o.a.j.s.SaveService: Loading file: trip-plan.jmx
2024-06-14 04:29:50,010 INFO o.a.j.p.h.s.HTTPSamplerBase: Parser for text/html is org.apache.jmeter.protocol.http.parser.LagartoBasedHtmlParser
2024-06-14 04:29:50,010 INFO o.a.j.p.h.s.HTTPSamplerBase: Parser for application/xhtml+xml is org.apache.jmeter.protocol.http.parser.LagartoBasedHtmlParser
2024-06-14 04:29:50,010 INFO o.a.j.p.h.s.HTTPSamplerBase: Parser for application/xml is org.apache.jmeter.protocol.http.parser.LagartoBasedHtmlParser
2024-06-14 04:29:50,010 INFO o.a.j.p.h.s.HTTPSamplerBase: Parser for text/xml is org.apache.jmeter.protocol.http.parser.LagartoBasedHtmlParser
2024-06-14 04:29:50,010 INFO o.a.j.p.h.s.HTTPSamplerBase: Parser for text/vnd.wap.wml is org.apache.jmeter.protocol.http.parser.RegexpHTMLParser
2024-06-14 04:29:50,010 INFO o.a.j.p.h.s.HTTPSamplerBase: Parser for text/css is org.apache.jmeter.protocol.http.parser.CssParser
2024-06-14 04:29:50,034 INFO o.a.j.JMeter: Creating summariser <summary>
2024-06-14 04:29:50,058 INFO o.a.j.e.StandardJMeterEngine: Running the test!
2024-06-14 04:29:50,064 INFO o.a.j.s.SampleEvent: List of sample_variables: []
2024-06-14 04:29:50,065 INFO o.a.j.s.SampleEvent: List of sample_variables: []
2024-06-14 04:29:50,072 INFO o.a.j.e.u.CompoundVariable: Note: Function class names must contain the string: '.functions.'
2024-06-14 04:29:50,073 INFO o.a.j.e.u.CompoundVariable: Note: Function class names must not contain the string: '.gui.'
2024-06-14 04:29:50,156 INFO o.a.j.r.ClassFinder: Will scan jar /opt/jmeter/lib/ext/jmeter-plugins-fifo-0.2.jar with filter ExtendsClassFilter [parents=[interface org.apache.jmeter.functions.Function], inner=false, contains=null, notContains=null]. Consider exposing JMeter plugins via META-INF/services, and add JMeter-Skip-Class-Scanning=true manifest attribute so JMeter can skip classfile scanning
2024-06-14 04:29:50,163 INFO o.a.j.r.ClassFinder: Will scan jar /opt/jmeter/lib/ext/jmeter-plugins-functions-2.2.jar with filter ExtendsClassFilter [parents=[interface org.apache.jmeter.functions.Function], inner=false, contains=null, notContains=null]. Consider exposing JMeter plugins via META-INF/services, and add JMeter-Skip-Class-Scanning=true manifest attribute so JMeter can skip classfile scanning
2024-06-14 04:29:50,168 INFO o.a.j.r.ClassFinder: Will scan jar /opt/jmeter/lib/ext/jmeter-plugins-dummy-0.4.jar with filter ExtendsClassFilter [parents=[interface org.apache.jmeter.functions.Function], inner=false, contains=null, notContains=null]. Consider exposing JMeter plugins via META-INF/services, and add JMeter-Skip-Class-Scanning=true manifest attribute so JMeter can skip classfile scanning
2024-06-14 04:29:50,171 INFO o.a.j.r.ClassFinder: Will scan jar /opt/jmeter/lib/ext/jmeter-plugins-manager-1.10.jar with filter ExtendsClassFilter [parents=[interface org.apache.jmeter.functions.Function], inner=false, contains=null, notContains=null]. Consider exposing JMeter plugins via META-INF/services, and add JMeter-Skip-Class-Scanning=true manifest attribute so JMeter can skip classfile scanning
2024-06-14 04:29:50,273 INFO o.a.j.r.ClassFinder: Will scan jar /opt/jmeter/lib/ext/jmeter-plugins-tst-2.6.jar with filter ExtendsClassFilter [parents=[interface org.apache.jmeter.functions.Function], inner=false, contains=null, notContains=null]. Consider exposing JMeter plugins via META-INF/services, and add JMeter-Skip-Class-Scanning=true manifest attribute so JMeter can skip classfile scanning
2024-06-14 04:29:50,277 INFO o.a.j.r.ClassFinder: Will scan jar /opt/jmeter/lib/ext/jmeter-plugins-casutg-2.10.jar with filter ExtendsClassFilter [parents=[interface org.apache.jmeter.functions.Function], inner=false, contains=null, notContains=null]. Consider exposing JMeter plugins via META-INF/services, and add JMeter-Skip-Class-Scanning=true manifest attribute so JMeter can skip classfile scanning
2024-06-14 04:29:50,290 INFO o.a.j.r.ClassFinder: Will scan jar /opt/jmeter/lib/ext/jmeter-plugins-graphs-basic-2.0.jar with filter ExtendsClassFilter [parents=[interface org.apache.jmeter.functions.Function], inner=false, contains=null, notContains=null]. Consider exposing JMeter plugins via META-INF/services, and add JMeter-Skip-Class-Scanning=true manifest attribute so JMeter can skip classfile scanning
2024-06-14 04:29:50,295 INFO o.a.j.r.ClassFinder: Will scan jar /opt/jmeter/lib/ext/jmeter-plugins-ffw-2.0.jar with filter ExtendsClassFilter [parents=[interface org.apache.jmeter.functions.Function], inner=false, contains=null, notContains=null]. Consider exposing JMeter plugins via META-INF/services, and add JMeter-Skip-Class-Scanning=true manifest attribute so JMeter can skip classfile scanning
2024-06-14 04:29:50,296 INFO o.a.j.r.ClassFinder: Will scan jar /opt/jmeter/lib/ext/jmeter-plugins-perfmon-2.1.jar with filter ExtendsClassFilter [parents=[interface org.apache.jmeter.functions.Function], inner=false, contains=null, notContains=null]. Consider exposing JMeter plugins via META-INF/services, and add JMeter-Skip-Class-Scanning=true manifest attribute so JMeter can skip classfile scanning
2024-06-14 04:29:50,314 INFO o.a.j.JMeter: Running test (1718353790314)
2024-06-14 04:29:50,335 INFO o.a.j.e.StandardJMeterEngine: Starting ThreadGroup: 1 : Thread Group
2024-06-14 04:29:50,335 INFO o.a.j.e.StandardJMeterEngine: Starting 300 threads for group Thread Group.
2024-06-14 04:29:50,335 INFO o.a.j.e.StandardJMeterEngine: Thread will continue on error
2024-06-14 04:29:50,335 INFO o.a.j.t.ThreadGroup: Starting thread group... number=1 threads=300 ramp-up=300 delayedStart=true
2024-06-14 04:29:50,336 INFO o.a.j.t.ThreadGroup: Started thread group number 1
2024-06-14 04:29:50,336 INFO o.a.j.e.StandardJMeterEngine: All thread groups have been started
2024-06-14 04:29:50,341 INFO o.a.j.t.JMeterThread: Thread started: Thread Group 1-1
2024-06-14 04:29:50,359 INFO o.a.j.p.h.s.HTTPHCAbstractImpl: Local host = Dell-Arch
2024-06-14 04:29:50,366 INFO o.a.j.p.h.s.HTTPHC4Impl: HTTP request retry count = 0
2024-06-14 04:29:50,367 INFO o.a.j.s.SampleResult: Note: Sample TimeStamps are START times
2024-06-14 04:29:50,367 INFO o.a.j.s.SampleResult: sampleresult.default.encoding is set to UTF-8
2024-06-14 04:29:50,367 INFO o.a.j.s.SampleResult: sampleresult.useNanoTime=true
2024-06-14 04:29:50,368 INFO o.a.j.s.SampleResult: sampleresult.nanoThreadSleep=5000
2024-06-14 04:29:51,347 INFO o.a.j.t.JMeterThread: Thread started: Thread Group 1-2
2024-06-14 04:29:52,353 INFO o.a.j.t.JMeterThread: Thread started: Thread Group 1-3
2024-06-14 04:29:53,358 INFO o.a.j.t.JMeterThread: Thread started: Thread Group 1-4
2024-06-14 04:29:54,365 INFO o.a.j.t.JMeterThread: Thread started: Thread Group 1-5
2024-06-14 04:29:55,370 INFO o.a.j.t.JMeterThread: Thread started: Thread Group 1-6
2024-06-14 04:29:56,376 INFO o.a.j.t.JMeterThread: Thread started: Thread Group 1-7
2024-06-14 04:29:57,383 INFO o.a.j.t.JMeterThread: Thread started: Thread Group 1-8
2024-06-14 04:29:58,388 INFO o.a.j.t.JMeterThread: Thread started: Thread Group 1-9
2024-06-14 04:29:59,393 INFO o.a.j.t.JMeterThread: Thread started: Thread Group 1-10
2024-06-14 04:30:00,401 INFO o.a.j.t.JMeterThread: Thread started: Thread Group 1-11
2024-06-14 04:30:00,434 INFO o.a.j.r.Summariser: summary +     46 in 00:00:10 =    4.5/s Avg:  1021 Min:  1011 Max:  1070 Err:     0 (0.00%) Active: 11 Started: 11 Finished: 0
2024-06-14 04:30:01,407 INFO o.a.j.t.JMeterThread: Thread started: Thread Group 1-12
2024-06-14 04:30:02,413 INFO o.a.j.t.JMeterThread: Thread started: Thread Group 1-13
2024-06-14 04:30:03,417 INFO o.a.j.t.JMeterThread: Thread started: Thread Group 1-14
2024-06-14 04:30:04,422 INFO o.a.j.t.JMeterThread: Thread started: Thread Group 1-15
2024-06-14 04:30:05,430 INFO o.a.j.t.JMeterThread: Thread started: Thread Group 1-16
2024-06-14 04:30:06,434 INFO o.a.j.t.JMeterThread: Thread started: Thread Group 1-17
2024-06-14 04:30:07,439 INFO o.a.j.t.JMeterThread: Thread started: Thread Group 1-18
2024-06-14 04:30:08,444 INFO o.a.j.t.JMeterThread: Thread started: Thread Group 1-19
2024-06-14 04:30:09,447 INFO o.a.j.t.JMeterThread: Thread started: Thread Group 1-20
2024-06-14 04:30:10,452 INFO o.a.j.t.JMeterThread: Thread started: Thread Group 1-21
2024-06-14 04:30:11,457 INFO o.a.j.t.JMeterThread: Thread started: Thread Group 1-22
2024-06-14 04:30:12,461 INFO o.a.j.t.JMeterThread: Thread started: Thread Group 1-23
2024-06-14 04:30:13,466 INFO o.a.j.t.JMeterThread: Thread started: Thread Group 1-24
2024-06-14 04:30:14,471 INFO o.a.j.t.JMeterThread: Thread started: Thread Group 1-25
2024-06-14 04:30:15,475 INFO o.a.j.t.JMeterThread: Thread started: Thread Group 1-26
2024-06-14 04:30:16,481 INFO o.a.j.t.JMeterThread: Thread started: Thread Group 1-27
2024-06-14 04:30:17,485 INFO o.a.j.t.JMeterThread: Thread started: Thread Group 1-28
2024-06-14 04:30:18,490 INFO o.a.j.t.JMeterThread: Thread started: Thread Group 1-29
2024-06-14 04:30:19,496 INFO o.a.j.t.JMeterThread: Thread started: Thread Group 1-30
2024-06-14 04:30:20,501 INFO o.a.j.t.JMeterThread: Thread started: Thread Group 1-31
2024-06-14 04:30:21,510 INFO o.a.j.t.JMeterThread: Thread started: Thread Group 1-32
2024-06-14 04:30:22,514 INFO o.a.j.t.JMeterThread: Thread started: Thread Group 1-33
2024-06-14 04:30:23,522 INFO o.a.j.t.JMeterThread: Thread started: Thread Group 1-34
2024-06-14 04:30:24,529 INFO o.a.j.t.JMeterThread: Thread started: Thread Group 1-35
2024-06-14 04:30:25,536 INFO o.a.j.t.JMeterThread: Thread started: Thread Group 1-36
2024-06-14 04:30:26,540 INFO o.a.j.t.JMeterThread: Thread started: Thread Group 1-37
2024-06-14 04:30:27,546 INFO o.a.j.t.JMeterThread: Thread started: Thread Group 1-38
2024-06-14 04:30:28,551 INFO o.a.j.t.JMeterThread: Thread started: Thread Group 1-39
2024-06-14 04:30:29,555 INFO o.a.j.t.JMeterThread: Thread started: Thread Group 1-40
2024-06-14 04:30:30,024 INFO o.a.j.r.Summariser: summary +    734 in 00:00:30 =   24.8/s Avg:  1015 Min:  1002 Max:  1079 Err:     0 (0.00%) Active: 40 Started: 40 Finished: 0
2024-06-14 04:30:30,027 INFO o.a.j.r.Summariser: summary =    780 in 00:00:40 =   19.6/s Avg:  1016 Min:  1002 Max:  1079 Err:     0 (0.00%)
2024-06-14 04:30:30,560 INFO o.a.j.t.JMeterThread: Thread started: Thread Group 1-41
2024-06-14 04:30:31,565 INFO o.a.j.t.JMeterThread: Thread started: Thread Group 1-42
2024-06-14 04:30:32,569 INFO o.a.j.t.JMeterThread: Thread started: Thread Group 1-43
2024-06-14 04:30:33,574 INFO o.a.j.t.JMeterThread: Thread started: Thread Group 1-44
2024-06-14 04:30:34,580 INFO o.a.j.t.JMeterThread: Thread started: Thread Group 1-45
2024-06-14 04:30:35,583 INFO o.a.j.t.JMeterThread: Thread started: Thread Group 1-46
2024-06-14 04:30:36,588 INFO o.a.j.t.JMeterThread: Thread started: Thread Group 1-47
2024-06-14 04:30:37,594 INFO o.a.j.t.JMeterThread: Thread started: Thread Group 1-48
2024-06-14 04:30:38,600 INFO o.a.j.t.JMeterThread: Thread started: Thread Group 1-49
2024-06-14 04:30:39,624 INFO o.a.j.t.JMeterThread: Thread started: Thread Group 1-50
2024-06-14 04:30:40,630 INFO o.a.j.t.JMeterThread: Thread started: Thread Group 1-51
2024-06-14 04:30:41,635 INFO o.a.j.t.JMeterThread: Thread started: Thread Group 1-52
2024-06-14 04:30:42,639 INFO o.a.j.t.JMeterThread: Thread started: Thread Group 1-53
2024-06-14 04:30:43,643 INFO o.a.j.t.JMeterThread: Thread started: Thread Group 1-54
2024-06-14 04:30:44,647 INFO o.a.j.t.JMeterThread: Thread started: Thread Group 1-55
2024-06-14 04:30:45,650 INFO o.a.j.t.JMeterThread: Thread started: Thread Group 1-56
2024-06-14 04:30:46,654 INFO o.a.j.t.JMeterThread: Thread started: Thread Group 1-57
2024-06-14 04:30:47,658 INFO o.a.j.t.JMeterThread: Thread started: Thread Group 1-58
2024-06-14 04:30:48,663 INFO o.a.j.t.JMeterThread: Thread started: Thread Group 1-59
2024-06-14 04:30:49,667 INFO o.a.j.t.JMeterThread: Thread started: Thread Group 1-60
2024-06-14 04:30:50,671 INFO o.a.j.t.JMeterThread: Thread started: Thread Group 1-61
2024-06-14 04:30:51,674 INFO o.a.j.t.JMeterThread: Thread started: Thread Group 1-62
2024-06-14 04:30:52,678 INFO o.a.j.t.JMeterThread: Thread started: Thread Group 1-63
2024-06-14 04:30:53,688 INFO o.a.j.t.JMeterThread: Thread started: Thread Group 1-64
2024-06-14 04:30:54,690 INFO o.a.j.t.JMeterThread: Thread started: Thread Group 1-65
2024-06-14 04:30:55,695 INFO o.a.j.t.JMeterThread: Thread started: Thread Group 1-66
2024-06-14 04:30:56,698 INFO o.a.j.t.JMeterThread: Thread started: Thread Group 1-67
2024-06-14 04:30:57,724 INFO o.a.j.t.JMeterThread: Thread started: Thread Group 1-68
2024-06-14 04:30:58,728 INFO o.a.j.t.JMeterThread: Thread started: Thread Group 1-69
2024-06-14 04:30:59,731 INFO o.a.j.t.JMeterThread: Thread started: Thread Group 1-70
2024-06-14 04:31:00,088 INFO o.a.j.r.Summariser: summary +   1591 in 00:00:30 =   52.9/s Avg:  1026 Min:  1001 Max:  1207 Err:     0 (0.00%) Active: 70 Started: 70 Finished: 0
2024-06-14 04:31:00,088 INFO o.a.j.r.Summariser: summary =   2371 in 00:01:10 =   34.0/s Avg:  1023 Min:  1001 Max:  1207 Err:     0 (0.00%)
2024-06-14 04:31:00,737 INFO o.a.j.t.JMeterThread: Thread started: Thread Group 1-71
2024-06-14 04:31:01,742 INFO o.a.j.t.JMeterThread: Thread started: Thread Group 1-72
2024-06-14 04:31:02,745 INFO o.a.j.t.JMeterThread: Thread started: Thread Group 1-73
2024-06-14 04:31:03,750 INFO o.a.j.t.JMeterThread: Thread started: Thread Group 1-74
2024-06-14 04:31:04,754 INFO o.a.j.t.JMeterThread: Thread started: Thread Group 1-75
2024-06-14 04:31:05,757 INFO o.a.j.t.JMeterThread: Thread started: Thread Group 1-76
2024-06-14 04:31:06,761 INFO o.a.j.t.JMeterThread: Thread started: Thread Group 1-77
2024-06-14 04:31:07,764 INFO o.a.j.t.JMeterThread: Thread started: Thread Group 1-78
2024-06-14 04:31:08,771 INFO o.a.j.t.JMeterThread: Thread started: Thread Group 1-79
2024-06-14 04:31:09,777 INFO o.a.j.t.JMeterThread: Thread started: Thread Group 1-80
2024-06-14 04:31:10,782 INFO o.a.j.t.JMeterThread: Thread started: Thread Group 1-81
2024-06-14 04:31:11,786 INFO o.a.j.t.JMeterThread: Thread started: Thread Group 1-82
2024-06-14 04:31:12,790 INFO o.a.j.t.JMeterThread: Thread started: Thread Group 1-83
2024-06-14 04:31:13,794 INFO o.a.j.t.JMeterThread: Thread started: Thread Group 1-84
2024-06-14 04:31:14,799 INFO o.a.j.t.JMeterThread: Thread started: Thread Group 1-85
2024-06-14 04:31:15,803 INFO o.a.j.t.JMeterThread: Thread started: Thread Group 1-86
2024-06-14 04:31:16,805 INFO o.a.j.t.JMeterThread: Thread started: Thread Group 1-87
2024-06-14 04:31:17,810 INFO o.a.j.t.JMeterThread: Thread started: Thread Group 1-88
2024-06-14 04:31:18,815 INFO o.a.j.t.JMeterThread: Thread started: Thread Group 1-89
2024-06-14 04:31:19,819 INFO o.a.j.t.JMeterThread: Thread started: Thread Group 1-90
2024-06-14 04:31:20,821 INFO o.a.j.t.JMeterThread: Thread started: Thread Group 1-91
2024-06-14 04:31:21,829 INFO o.a.j.t.JMeterThread: Thread started: Thread Group 1-92
2024-06-14 04:31:22,832 INFO o.a.j.t.JMeterThread: Thread started: Thread Group 1-93
2024-06-14 04:31:23,836 INFO o.a.j.t.JMeterThread: Thread started: Thread Group 1-94
2024-06-14 04:31:24,839 INFO o.a.j.t.JMeterThread: Thread started: Thread Group 1-95
2024-06-14 04:31:25,843 INFO o.a.j.t.JMeterThread: Thread started: Thread Group 1-96
2024-06-14 04:31:26,848 INFO o.a.j.t.JMeterThread: Thread started: Thread Group 1-97
2024-06-14 04:31:27,850 INFO o.a.j.t.JMeterThread: Thread started: Thread Group 1-98
2024-06-14 04:31:28,856 INFO o.a.j.t.JMeterThread: Thread started: Thread Group 1-99
2024-06-14 04:31:29,860 INFO o.a.j.t.JMeterThread: Thread started: Thread Group 1-100
2024-06-14 04:31:30,004 INFO o.a.j.r.Summariser: summary +   2490 in 00:00:30 =   83.2/s Avg:  1010 Min:  1001 Max:  1059 Err:     0 (0.00%) Active: 100 Started: 100 Finished: 0
2024-06-14 04:31:30,006 INFO o.a.j.r.Summariser: summary =   4861 in 00:01:40 =   48.8/s Avg:  1016 Min:  1001 Max:  1207 Err:     0 (0.00%)
2024-06-14 04:31:30,863 INFO o.a.j.t.JMeterThread: Thread started: Thread Group 1-101
2024-06-14 04:31:31,867 INFO o.a.j.t.JMeterThread: Thread started: Thread Group 1-102
2024-06-14 04:31:32,870 INFO o.a.j.t.JMeterThread: Thread started: Thread Group 1-103
2024-06-14 04:31:33,873 INFO o.a.j.t.JMeterThread: Thread started: Thread Group 1-104
2024-06-14 04:31:34,877 INFO o.a.j.t.JMeterThread: Thread started: Thread Group 1-105
2024-06-14 04:31:35,879 INFO o.a.j.t.JMeterThread: Thread started: Thread Group 1-106
2024-06-14 04:31:36,882 INFO o.a.j.t.JMeterThread: Thread started: Thread Group 1-107
2024-06-14 04:31:37,888 INFO o.a.j.t.JMeterThread: Thread started: Thread Group 1-108
2024-06-14 04:31:38,891 INFO o.a.j.t.JMeterThread: Thread started: Thread Group 1-109
2024-06-14 04:31:39,894 INFO o.a.j.t.JMeterThread: Thread started: Thread Group 1-110
2024-06-14 04:31:40,898 INFO o.a.j.t.JMeterThread: Thread started: Thread Group 1-111
2024-06-14 04:31:41,901 INFO o.a.j.t.JMeterThread: Thread started: Thread Group 1-112
2024-06-14 04:31:42,905 INFO o.a.j.t.JMeterThread: Thread started: Thread Group 1-113
2024-06-14 04:31:43,914 INFO o.a.j.t.JMeterThread: Thread started: Thread Group 1-114
2024-06-14 04:31:44,915 INFO o.a.j.t.JMeterThread: Thread started: Thread Group 1-115
2024-06-14 04:31:45,917 INFO o.a.j.t.JMeterThread: Thread started: Thread Group 1-116
2024-06-14 04:31:46,921 INFO o.a.j.t.JMeterThread: Thread started: Thread Group 1-117
2024-06-14 04:31:47,924 INFO o.a.j.t.JMeterThread: Thread started: Thread Group 1-118
2024-06-14 04:31:48,928 INFO o.a.j.t.JMeterThread: Thread started: Thread Group 1-119
2024-06-14 04:31:49,931 INFO o.a.j.t.JMeterThread: Thread started: Thread Group 1-120
2024-06-14 04:31:50,935 INFO o.a.j.t.JMeterThread: Thread started: Thread Group 1-121
2024-06-14 04:31:51,938 INFO o.a.j.t.JMeterThread: Thread started: Thread Group 1-122
2024-06-14 04:31:52,942 INFO o.a.j.t.JMeterThread: Thread started: Thread Group 1-123
2024-06-14 04:31:53,946 INFO o.a.j.t.JMeterThread: Thread started: Thread Group 1-124
2024-06-14 04:31:54,952 INFO o.a.j.t.JMeterThread: Thread started: Thread Group 1-125
2024-06-14 04:31:55,957 INFO o.a.j.t.JMeterThread: Thread started: Thread Group 1-126
2024-06-14 04:31:56,967 INFO o.a.j.t.JMeterThread: Thread started: Thread Group 1-127
2024-06-14 04:31:57,970 INFO o.a.j.t.JMeterThread: Thread started: Thread Group 1-128
2024-06-14 04:31:58,974 INFO o.a.j.t.JMeterThread: Thread started: Thread Group 1-129
2024-06-14 04:31:59,978 INFO o.a.j.t.JMeterThread: Thread started: Thread Group 1-130
2024-06-14 04:32:00,008 INFO o.a.j.r.Summariser: summary +   3371 in 00:00:30 =  112.4/s Avg:  1009 Min:  1001 Max:  1078 Err:     0 (0.00%) Active: 130 Started: 130 Finished: 0
2024-06-14 04:32:00,014 INFO o.a.j.r.Summariser: summary =   8232 in 00:02:10 =   63.5/s Avg:  1013 Min:  1001 Max:  1207 Err:     0 (0.00%)
2024-06-14 04:32:00,982 INFO o.a.j.t.JMeterThread: Thread started: Thread Group 1-131
2024-06-14 04:32:01,985 INFO o.a.j.t.JMeterThread: Thread started: Thread Group 1-132
2024-06-14 04:32:02,988 INFO o.a.j.t.JMeterThread: Thread started: Thread Group 1-133
2024-06-14 04:32:03,992 INFO o.a.j.t.JMeterThread: Thread started: Thread Group 1-134
2024-06-14 04:32:04,995 INFO o.a.j.t.JMeterThread: Thread started: Thread Group 1-135
2024-06-14 04:32:06,000 INFO o.a.j.t.JMeterThread: Thread started: Thread Group 1-136
2024-06-14 04:32:07,034 INFO o.a.j.t.JMeterThread: Thread started: Thread Group 1-137
2024-06-14 04:32:08,009 INFO o.a.j.t.JMeterThread: Thread started: Thread Group 1-138
2024-06-14 04:32:09,012 INFO o.a.j.t.JMeterThread: Thread started: Thread Group 1-139
2024-06-14 04:32:10,015 INFO o.a.j.t.JMeterThread: Thread started: Thread Group 1-140
2024-06-14 04:32:11,019 INFO o.a.j.t.JMeterThread: Thread started: Thread Group 1-141
2024-06-14 04:32:12,021 INFO o.a.j.t.JMeterThread: Thread started: Thread Group 1-142
2024-06-14 04:32:13,026 INFO o.a.j.t.JMeterThread: Thread started: Thread Group 1-143
2024-06-14 04:32:14,030 INFO o.a.j.t.JMeterThread: Thread started: Thread Group 1-144
2024-06-14 04:32:15,034 INFO o.a.j.t.JMeterThread: Thread started: Thread Group 1-145
2024-06-14 04:32:16,039 INFO o.a.j.t.JMeterThread: Thread started: Thread Group 1-146
2024-06-14 04:32:17,043 INFO o.a.j.t.JMeterThread: Thread started: Thread Group 1-147
2024-06-14 04:32:18,047 INFO o.a.j.t.JMeterThread: Thread started: Thread Group 1-148
2024-06-14 04:32:19,049 INFO o.a.j.t.JMeterThread: Thread started: Thread Group 1-149
2024-06-14 04:32:20,079 INFO o.a.j.t.JMeterThread: Thread started: Thread Group 1-150
2024-06-14 04:32:21,082 INFO o.a.j.t.JMeterThread: Thread started: Thread Group 1-151
2024-06-14 04:32:22,087 INFO o.a.j.t.JMeterThread: Thread started: Thread Group 1-152
2024-06-14 04:32:23,091 INFO o.a.j.t.JMeterThread: Thread started: Thread Group 1-153
2024-06-14 04:32:24,094 INFO o.a.j.t.JMeterThread: Thread started: Thread Group 1-154
2024-06-14 04:32:25,097 INFO o.a.j.t.JMeterThread: Thread started: Thread Group 1-155
2024-06-14 04:32:26,100 INFO o.a.j.t.JMeterThread: Thread started: Thread Group 1-156
2024-06-14 04:32:27,104 INFO o.a.j.t.JMeterThread: Thread started: Thread Group 1-157
2024-06-14 04:32:28,106 INFO o.a.j.t.JMeterThread: Thread started: Thread Group 1-158
2024-06-14 04:32:29,109 INFO o.a.j.t.JMeterThread: Thread started: Thread Group 1-159
2024-06-14 04:32:30,003 INFO o.a.j.r.Summariser: summary +   4278 in 00:00:30 =  142.6/s Avg:  1011 Min:  1001 Max:  1081 Err:     0 (0.00%) Active: 159 Started: 159 Finished: 0
2024-06-14 04:32:30,006 INFO o.a.j.r.Summariser: summary =  12510 in 00:02:40 =   78.3/s Avg:  1012 Min:  1001 Max:  1207 Err:     0 (0.00%)
2024-06-14 04:32:30,122 INFO o.a.j.t.JMeterThread: Thread started: Thread Group 1-160
2024-06-14 04:32:31,130 INFO o.a.j.t.JMeterThread: Thread started: Thread Group 1-161
2024-06-14 04:32:32,131 INFO o.a.j.t.JMeterThread: Thread started: Thread Group 1-162
2024-06-14 04:32:33,134 INFO o.a.j.t.JMeterThread: Thread started: Thread Group 1-163
2024-06-14 04:32:34,136 INFO o.a.j.t.JMeterThread: Thread started: Thread Group 1-164
2024-06-14 04:32:35,138 INFO o.a.j.t.JMeterThread: Thread started: Thread Group 1-165
2024-06-14 04:32:36,139 INFO o.a.j.t.JMeterThread: Thread started: Thread Group 1-166
2024-06-14 04:32:37,143 INFO o.a.j.t.JMeterThread: Thread started: Thread Group 1-167
2024-06-14 04:32:38,152 INFO o.a.j.t.JMeterThread: Thread started: Thread Group 1-168
2024-06-14 04:32:39,156 INFO o.a.j.t.JMeterThread: Thread started: Thread Group 1-169
2024-06-14 04:32:40,159 INFO o.a.j.t.JMeterThread: Thread started: Thread Group 1-170
2024-06-14 04:32:41,160 INFO o.a.j.t.JMeterThread: Thread started: Thread Group 1-171
2024-06-14 04:32:42,174 INFO o.a.j.t.JMeterThread: Thread started: Thread Group 1-172
2024-06-14 04:32:43,176 INFO o.a.j.t.JMeterThread: Thread started: Thread Group 1-173
2024-06-14 04:32:44,177 INFO o.a.j.t.JMeterThread: Thread started: Thread Group 1-174
2024-06-14 04:32:45,180 INFO o.a.j.t.JMeterThread: Thread started: Thread Group 1-175
2024-06-14 04:32:46,186 INFO o.a.j.t.JMeterThread: Thread started: Thread Group 1-176
2024-06-14 04:32:47,188 INFO o.a.j.t.JMeterThread: Thread started: Thread Group 1-177
2024-06-14 04:32:48,190 INFO o.a.j.t.JMeterThread: Thread started: Thread Group 1-178
2024-06-14 04:32:49,194 INFO o.a.j.t.JMeterThread: Thread started: Thread Group 1-179
2024-06-14 04:32:50,196 INFO o.a.j.t.JMeterThread: Thread started: Thread Group 1-180
2024-06-14 04:32:51,198 INFO o.a.j.t.JMeterThread: Thread started: Thread Group 1-181
2024-06-14 04:32:52,200 INFO o.a.j.t.JMeterThread: Thread started: Thread Group 1-182
2024-06-14 04:32:53,209 INFO o.a.j.t.JMeterThread: Thread started: Thread Group 1-183
2024-06-14 04:32:54,214 INFO o.a.j.t.JMeterThread: Thread started: Thread Group 1-184
2024-06-14 04:32:55,217 INFO o.a.j.t.JMeterThread: Thread started: Thread Group 1-185
2024-06-14 04:32:56,219 INFO o.a.j.t.JMeterThread: Thread started: Thread Group 1-186
2024-06-14 04:32:57,222 INFO o.a.j.t.JMeterThread: Thread started: Thread Group 1-187
2024-06-14 04:32:58,224 INFO o.a.j.t.JMeterThread: Thread started: Thread Group 1-188
2024-06-14 04:32:59,226 INFO o.a.j.t.JMeterThread: Thread started: Thread Group 1-189
2024-06-14 04:33:00,096 INFO o.a.j.r.Summariser: summary +   5018 in 00:00:30 =  166.8/s Avg:  1053 Min:  1001 Max:  1211 Err:     0 (0.00%) Active: 189 Started: 189 Finished: 0
2024-06-14 04:33:00,098 INFO o.a.j.r.Summariser: summary =  17528 in 00:03:10 =   92.4/s Avg:  1024 Min:  1001 Max:  1211 Err:     0 (0.00%)
2024-06-14 04:33:00,228 INFO o.a.j.t.JMeterThread: Thread started: Thread Group 1-190
2024-06-14 04:33:01,230 INFO o.a.j.t.JMeterThread: Thread started: Thread Group 1-191
2024-06-14 04:33:02,233 INFO o.a.j.t.JMeterThread: Thread started: Thread Group 1-192
2024-06-14 04:33:03,244 INFO o.a.j.t.JMeterThread: Thread started: Thread Group 1-193
2024-06-14 04:33:04,245 INFO o.a.j.t.JMeterThread: Thread started: Thread Group 1-194
2024-06-14 04:33:05,248 INFO o.a.j.t.JMeterThread: Thread started: Thread Group 1-195
2024-06-14 04:33:06,251 INFO o.a.j.t.JMeterThread: Thread started: Thread Group 1-196
2024-06-14 04:33:07,254 INFO o.a.j.t.JMeterThread: Thread started: Thread Group 1-197
2024-06-14 04:33:08,256 INFO o.a.j.t.JMeterThread: Thread started: Thread Group 1-198
2024-06-14 04:33:09,259 INFO o.a.j.t.JMeterThread: Thread started: Thread Group 1-199
2024-06-14 04:33:10,262 INFO o.a.j.t.JMeterThread: Thread started: Thread Group 1-200
2024-06-14 04:33:11,264 INFO o.a.j.t.JMeterThread: Thread started: Thread Group 1-201
2024-06-14 04:33:12,265 INFO o.a.j.t.JMeterThread: Thread started: Thread Group 1-202
2024-06-14 04:33:13,267 INFO o.a.j.t.JMeterThread: Thread started: Thread Group 1-203
2024-06-14 04:33:14,269 INFO o.a.j.t.JMeterThread: Thread started: Thread Group 1-204
2024-06-14 04:33:15,274 INFO o.a.j.t.JMeterThread: Thread started: Thread Group 1-205
2024-06-14 04:33:16,276 INFO o.a.j.t.JMeterThread: Thread started: Thread Group 1-206
2024-06-14 04:33:17,284 INFO o.a.j.t.JMeterThread: Thread started: Thread Group 1-207
2024-06-14 04:33:18,293 INFO o.a.j.t.JMeterThread: Thread started: Thread Group 1-208
2024-06-14 04:33:19,294 INFO o.a.j.t.JMeterThread: Thread started: Thread Group 1-209
2024-06-14 04:33:20,294 INFO o.a.j.t.JMeterThread: Thread started: Thread Group 1-210
2024-06-14 04:33:21,296 INFO o.a.j.t.JMeterThread: Thread started: Thread Group 1-211
2024-06-14 04:33:22,298 INFO o.a.j.t.JMeterThread: Thread started: Thread Group 1-212
2024-06-14 04:33:23,299 INFO o.a.j.t.JMeterThread: Thread started: Thread Group 1-213
2024-06-14 04:33:24,300 INFO o.a.j.t.JMeterThread: Thread started: Thread Group 1-214
2024-06-14 04:33:25,301 INFO o.a.j.t.JMeterThread: Thread started: Thread Group 1-215
2024-06-14 04:33:26,303 INFO o.a.j.t.JMeterThread: Thread started: Thread Group 1-216
2024-06-14 04:33:27,311 INFO o.a.j.t.JMeterThread: Thread started: Thread Group 1-217
2024-06-14 04:33:28,314 INFO o.a.j.t.JMeterThread: Thread started: Thread Group 1-218
2024-06-14 04:33:29,317 INFO o.a.j.t.JMeterThread: Thread started: Thread Group 1-219
2024-06-14 04:33:30,017 INFO o.a.j.r.Summariser: summary +   5660 in 00:00:30 =  189.2/s Avg:  1065 Min:  1001 Max:  1234 Err:     0 (0.00%) Active: 219 Started: 219 Finished: 0
2024-06-14 04:33:30,019 INFO o.a.j.r.Summariser: summary =  23188 in 00:03:40 =  105.5/s Avg:  1034 Min:  1001 Max:  1234 Err:     0 (0.00%)
2024-06-14 04:33:30,318 INFO o.a.j.t.JMeterThread: Thread started: Thread Group 1-220
2024-06-14 04:33:31,320 INFO o.a.j.t.JMeterThread: Thread started: Thread Group 1-221
2024-06-14 04:33:32,324 INFO o.a.j.t.JMeterThread: Thread started: Thread Group 1-222
2024-06-14 04:33:33,334 INFO o.a.j.t.JMeterThread: Thread started: Thread Group 1-223
2024-06-14 04:33:34,335 INFO o.a.j.t.JMeterThread: Thread started: Thread Group 1-224
2024-06-14 04:33:35,337 INFO o.a.j.t.JMeterThread: Thread started: Thread Group 1-225
2024-06-14 04:33:36,338 INFO o.a.j.t.JMeterThread: Thread started: Thread Group 1-226
2024-06-14 04:33:37,339 INFO o.a.j.t.JMeterThread: Thread started: Thread Group 1-227
2024-06-14 04:33:38,339 INFO o.a.j.t.JMeterThread: Thread started: Thread Group 1-228
2024-06-14 04:33:39,351 INFO o.a.j.t.JMeterThread: Thread started: Thread Group 1-229
2024-06-14 04:33:40,352 INFO o.a.j.t.JMeterThread: Thread started: Thread Group 1-230
2024-06-14 04:33:41,354 INFO o.a.j.t.JMeterThread: Thread started: Thread Group 1-231
2024-06-14 04:33:42,356 INFO o.a.j.t.JMeterThread: Thread started: Thread Group 1-232
2024-06-14 04:33:43,357 INFO o.a.j.t.JMeterThread: Thread started: Thread Group 1-233
2024-06-14 04:33:44,358 INFO o.a.j.t.JMeterThread: Thread started: Thread Group 1-234
2024-06-14 04:33:45,359 INFO o.a.j.t.JMeterThread: Thread started: Thread Group 1-235
2024-06-14 04:33:46,361 INFO o.a.j.t.JMeterThread: Thread started: Thread Group 1-236
2024-06-14 04:33:47,362 INFO o.a.j.t.JMeterThread: Thread started: Thread Group 1-237
2024-06-14 04:33:48,363 INFO o.a.j.t.JMeterThread: Thread started: Thread Group 1-238
2024-06-14 04:33:49,365 INFO o.a.j.t.JMeterThread: Thread started: Thread Group 1-239
2024-06-14 04:33:50,370 INFO o.a.j.t.JMeterThread: Thread started: Thread Group 1-240
2024-06-14 04:33:51,370 INFO o.a.j.t.JMeterThread: Thread started: Thread Group 1-241
2024-06-14 04:33:52,370 INFO o.a.j.t.JMeterThread: Thread started: Thread Group 1-242
2024-06-14 04:33:53,370 INFO o.a.j.t.JMeterThread: Thread started: Thread Group 1-243
2024-06-14 04:33:54,371 INFO o.a.j.t.JMeterThread: Thread started: Thread Group 1-244
2024-06-14 04:33:55,375 INFO o.a.j.t.JMeterThread: Thread started: Thread Group 1-245
2024-06-14 04:33:56,376 INFO o.a.j.t.JMeterThread: Thread started: Thread Group 1-246
2024-06-14 04:33:57,380 INFO o.a.j.t.JMeterThread: Thread started: Thread Group 1-247
2024-06-14 04:33:58,380 INFO o.a.j.t.JMeterThread: Thread started: Thread Group 1-248
2024-06-14 04:33:59,385 INFO o.a.j.t.JMeterThread: Thread started: Thread Group 1-249
2024-06-14 04:34:00,087 INFO o.a.j.r.Summariser: summary +   6502 in 00:00:30 =  216.2/s Avg:  1077 Min:  1001 Max:  1223 Err:     0 (0.00%) Active: 249 Started: 249 Finished: 0
2024-06-14 04:34:00,088 INFO o.a.j.r.Summariser: summary =  29690 in 00:04:10 =  118.9/s Avg:  1043 Min:  1001 Max:  1234 Err:     0 (0.00%)
2024-06-14 04:34:00,394 INFO o.a.j.t.JMeterThread: Thread started: Thread Group 1-250
2024-06-14 04:34:01,397 INFO o.a.j.t.JMeterThread: Thread started: Thread Group 1-251
2024-06-14 04:34:02,399 INFO o.a.j.t.JMeterThread: Thread started: Thread Group 1-252
2024-06-14 04:34:03,401 INFO o.a.j.t.JMeterThread: Thread started: Thread Group 1-253
2024-06-14 04:34:04,400 INFO o.a.j.t.JMeterThread: Thread started: Thread Group 1-254
2024-06-14 04:34:05,403 INFO o.a.j.t.JMeterThread: Thread started: Thread Group 1-255
2024-06-14 04:34:06,404 INFO o.a.j.t.JMeterThread: Thread started: Thread Group 1-256
2024-06-14 04:34:07,404 INFO o.a.j.t.JMeterThread: Thread started: Thread Group 1-257
2024-06-14 04:34:08,406 INFO o.a.j.t.JMeterThread: Thread started: Thread Group 1-258
2024-06-14 04:34:09,417 INFO o.a.j.t.JMeterThread: Thread started: Thread Group 1-259
2024-06-14 04:34:10,413 INFO o.a.j.t.JMeterThread: Thread started: Thread Group 1-260
2024-06-14 04:34:11,411 INFO o.a.j.t.JMeterThread: Thread started: Thread Group 1-261
2024-06-14 04:34:12,415 INFO o.a.j.t.JMeterThread: Thread started: Thread Group 1-262
2024-06-14 04:34:13,412 INFO o.a.j.t.JMeterThread: Thread started: Thread Group 1-263
2024-06-14 04:34:14,411 INFO o.a.j.t.JMeterThread: Thread started: Thread Group 1-264
2024-06-14 04:34:15,411 INFO o.a.j.t.JMeterThread: Thread started: Thread Group 1-265
2024-06-14 04:34:16,411 INFO o.a.j.t.JMeterThread: Thread started: Thread Group 1-266
2024-06-14 04:34:17,415 INFO o.a.j.t.JMeterThread: Thread started: Thread Group 1-267
2024-06-14 04:34:18,422 INFO o.a.j.t.JMeterThread: Thread started: Thread Group 1-268
2024-06-14 04:34:19,420 INFO o.a.j.t.JMeterThread: Thread started: Thread Group 1-269
2024-06-14 04:34:20,419 INFO o.a.j.t.JMeterThread: Thread started: Thread Group 1-270
2024-06-14 04:34:21,418 INFO o.a.j.t.JMeterThread: Thread started: Thread Group 1-271
2024-06-14 04:34:22,417 INFO o.a.j.t.JMeterThread: Thread started: Thread Group 1-272
2024-06-14 04:34:23,415 INFO o.a.j.t.JMeterThread: Thread started: Thread Group 1-273
2024-06-14 04:34:24,414 INFO o.a.j.t.JMeterThread: Thread started: Thread Group 1-274
2024-06-14 04:34:25,413 INFO o.a.j.t.JMeterThread: Thread started: Thread Group 1-275
2024-06-14 04:34:26,411 INFO o.a.j.t.JMeterThread: Thread started: Thread Group 1-276
2024-06-14 04:34:27,410 INFO o.a.j.t.JMeterThread: Thread started: Thread Group 1-277
2024-06-14 04:34:28,433 INFO o.a.j.t.JMeterThread: Thread started: Thread Group 1-278
2024-06-14 04:34:29,424 INFO o.a.j.t.JMeterThread: Thread started: Thread Group 1-279
2024-06-14 04:34:30,021 INFO o.a.j.r.Summariser: summary +   7272 in 00:00:30 =  242.9/s Avg:  1090 Min:  1001 Max:  1264 Err:     0 (0.00%) Active: 279 Started: 279 Finished: 0
2024-06-14 04:34:30,024 INFO o.a.j.r.Summariser: summary =  36962 in 00:04:40 =  132.1/s Avg:  1053 Min:  1001 Max:  1264 Err:     0 (0.00%)
2024-06-14 04:34:30,422 INFO o.a.j.t.JMeterThread: Thread started: Thread Group 1-280
2024-06-14 04:34:31,419 INFO o.a.j.t.JMeterThread: Thread started: Thread Group 1-281
2024-06-14 04:34:32,420 INFO o.a.j.t.JMeterThread: Thread started: Thread Group 1-282
2024-06-14 04:34:33,416 INFO o.a.j.t.JMeterThread: Thread started: Thread Group 1-283
2024-06-14 04:34:34,413 INFO o.a.j.t.JMeterThread: Thread started: Thread Group 1-284
2024-06-14 04:34:35,411 INFO o.a.j.t.JMeterThread: Thread started: Thread Group 1-285
2024-06-14 04:34:36,406 INFO o.a.j.t.JMeterThread: Thread started: Thread Group 1-286
2024-06-14 04:34:37,403 INFO o.a.j.t.JMeterThread: Thread started: Thread Group 1-287
2024-06-14 04:34:38,399 INFO o.a.j.t.JMeterThread: Thread started: Thread Group 1-288
2024-06-14 04:34:39,411 INFO o.a.j.t.JMeterThread: Thread started: Thread Group 1-289
2024-06-14 04:34:40,405 INFO o.a.j.t.JMeterThread: Thread started: Thread Group 1-290
2024-06-14 04:34:41,399 INFO o.a.j.t.JMeterThread: Thread started: Thread Group 1-291
2024-06-14 04:34:42,394 INFO o.a.j.t.JMeterThread: Thread started: Thread Group 1-292
2024-06-14 04:34:43,390 INFO o.a.j.t.JMeterThread: Thread started: Thread Group 1-293
2024-06-14 04:34:44,382 INFO o.a.j.t.JMeterThread: Thread started: Thread Group 1-294
2024-06-14 04:34:45,376 INFO o.a.j.t.JMeterThread: Thread started: Thread Group 1-295
2024-06-14 04:34:46,369 INFO o.a.j.t.JMeterThread: Thread started: Thread Group 1-296
2024-06-14 04:34:47,362 INFO o.a.j.t.JMeterThread: Thread started: Thread Group 1-297
2024-06-14 04:34:48,357 INFO o.a.j.t.JMeterThread: Thread started: Thread Group 1-298
2024-06-14 04:34:49,347 INFO o.a.j.t.JMeterThread: Thread started: Thread Group 1-299
2024-06-14 04:34:50,347 INFO o.a.j.t.JMeterThread: Thread started: Thread Group 1-300
2024-06-14 04:35:00,022 INFO o.a.j.r.Summariser: summary +   8184 in 00:00:30 =  272.8/s Avg:  1067 Min:  1001 Max:  1240 Err:     0 (0.00%) Active: 300 Started: 300 Finished: 0
2024-06-14 04:35:00,023 INFO o.a.j.r.Summariser: summary =  45146 in 00:05:10 =  145.8/s Avg:  1055 Min:  1001 Max:  1264 Err:     0 (0.00%)
2024-06-14 04:35:30,200 INFO o.a.j.r.Summariser: summary +   8621 in 00:00:30 =  285.7/s Avg:  1051 Min:  1001 Max:  1219 Err:     0 (0.00%) Active: 300 Started: 300 Finished: 0
2024-06-14 04:35:30,202 INFO o.a.j.r.Summariser: summary =  53767 in 00:05:40 =  158.2/s Avg:  1055 Min:  1001 Max:  1264 Err:     0 (0.00%)
2024-06-14 04:35:50,336 INFO o.a.j.t.JMeterThread: Stopping because end time detected by thread: Thread Group 1-248
2024-06-14 04:35:50,336 INFO o.a.j.t.JMeterThread: Stopping because end time detected by thread: Thread Group 1-298
2024-06-14 04:35:50,338 INFO o.a.j.t.JMeterThread: Thread finished: Thread Group 1-298
2024-06-14 04:35:50,336 INFO o.a.j.t.JMeterThread: Stopping because end time detected by thread: Thread Group 1-72
2024-06-14 04:35:50,339 INFO o.a.j.t.JMeterThread: Stopping because end time detected by thread: Thread Group 1-10
2024-06-14 04:35:50,339 INFO o.a.j.t.JMeterThread: Thread finished: Thread Group 1-10
2024-06-14 04:35:50,339 INFO o.a.j.t.JMeterThread: Stopping because end time detected by thread: Thread Group 1-291
2024-06-14 04:35:50,339 INFO o.a.j.t.JMeterThread: Stopping because end time detected by thread: Thread Group 1-251
2024-06-14 04:35:50,339 INFO o.a.j.t.JMeterThread: Stopping because end time detected by thread: Thread Group 1-115
2024-06-14 04:35:50,339 INFO o.a.j.t.JMeterThread: Thread finished: Thread Group 1-251
2024-06-14 04:35:50,339 INFO o.a.j.t.JMeterThread: Thread finished: Thread Group 1-115
2024-06-14 04:35:50,339 INFO o.a.j.t.JMeterThread: Stopping because end time detected by thread: Thread Group 1-178
2024-06-14 04:35:50,340 INFO o.a.j.t.JMeterThread: Thread finished: Thread Group 1-178
2024-06-14 04:35:50,340 INFO o.a.j.t.JMeterThread: Stopping because end time detected by thread: Thread Group 1-163
2024-06-14 04:35:50,340 INFO o.a.j.t.JMeterThread: Thread finished: Thread Group 1-163
2024-06-14 04:35:50,340 INFO o.a.j.t.JMeterThread: Stopping because end time detected by thread: Thread Group 1-6
2024-06-14 04:35:50,340 INFO o.a.j.t.JMeterThread: Thread finished: Thread Group 1-6
2024-06-14 04:35:50,340 INFO o.a.j.t.JMeterThread: Stopping because end time detected by thread: Thread Group 1-207
2024-06-14 04:35:50,340 INFO o.a.j.t.JMeterThread: Thread finished: Thread Group 1-207
2024-06-14 04:35:50,341 INFO o.a.j.t.JMeterThread: Stopping because end time detected by thread: Thread Group 1-266
2024-06-14 04:35:50,341 INFO o.a.j.t.JMeterThread: Thread finished: Thread Group 1-266
2024-06-14 04:35:50,338 INFO o.a.j.t.JMeterThread: Stopping because end time detected by thread: Thread Group 1-294
2024-06-14 04:35:50,341 INFO o.a.j.t.JMeterThread: Thread finished: Thread Group 1-294
2024-06-14 04:35:50,338 INFO o.a.j.t.JMeterThread: Stopping because end time detected by thread: Thread Group 1-78
2024-06-14 04:35:50,342 INFO o.a.j.t.JMeterThread: Thread finished: Thread Group 1-78
2024-06-14 04:35:50,342 INFO o.a.j.t.JMeterThread: Stopping because end time detected by thread: Thread Group 1-3
2024-06-14 04:35:50,342 INFO o.a.j.t.JMeterThread: Thread finished: Thread Group 1-3
2024-06-14 04:35:50,338 INFO o.a.j.t.JMeterThread: Stopping because end time detected by thread: Thread Group 1-12
2024-06-14 04:35:50,342 INFO o.a.j.t.JMeterThread: Thread finished: Thread Group 1-12
2024-06-14 04:35:50,342 INFO o.a.j.t.JMeterThread: Stopping because end time detected by thread: Thread Group 1-149
2024-06-14 04:35:50,343 INFO o.a.j.t.JMeterThread: Thread finished: Thread Group 1-149
2024-06-14 04:35:50,339 INFO o.a.j.t.JMeterThread: Thread finished: Thread Group 1-72
2024-06-14 04:35:50,337 INFO o.a.j.t.JMeterThread: Stopping because end time detected by thread: Thread Group 1-111
2024-06-14 04:35:50,345 INFO o.a.j.t.JMeterThread: Thread finished: Thread Group 1-111
2024-06-14 04:35:50,336 INFO o.a.j.t.JMeterThread: Stopping because end time detected by thread: Thread Group 1-184
2024-06-14 04:35:50,346 INFO o.a.j.t.JMeterThread: Thread finished: Thread Group 1-184
2024-06-14 04:35:50,336 INFO o.a.j.t.JMeterThread: Stopping because end time detected by thread: Thread Group 1-257
2024-06-14 04:35:50,346 INFO o.a.j.t.JMeterThread: Thread finished: Thread Group 1-257
2024-06-14 04:35:50,349 INFO o.a.j.t.JMeterThread: Stopping because end time detected by thread: Thread Group 1-161
2024-06-14 04:35:50,349 INFO o.a.j.t.JMeterThread: Thread finished: Thread Group 1-161
2024-06-14 04:35:50,336 INFO o.a.j.t.JMeterThread: Thread finished: Thread Group 1-248
2024-06-14 04:35:50,350 INFO o.a.j.t.JMeterThread: Stopping because end time detected by thread: Thread Group 1-101
2024-06-14 04:35:50,350 INFO o.a.j.t.JMeterThread: Thread finished: Thread Group 1-101
2024-06-14 04:35:50,351 INFO o.a.j.t.JMeterThread: Thread finished: Thread Group 1-291
2024-06-14 04:35:50,351 INFO o.a.j.t.JMeterThread: Stopping because end time detected by thread: Thread Group 1-262
2024-06-14 04:35:50,352 INFO o.a.j.t.JMeterThread: Thread finished: Thread Group 1-262
2024-06-14 04:35:50,353 INFO o.a.j.t.JMeterThread: Stopping because end time detected by thread: Thread Group 1-199
2024-06-14 04:35:50,353 INFO o.a.j.t.JMeterThread: Thread finished: Thread Group 1-199
2024-06-14 04:35:50,353 INFO o.a.j.t.JMeterThread: Stopping because end time detected by thread: Thread Group 1-71
2024-06-14 04:35:50,353 INFO o.a.j.t.JMeterThread: Stopping because end time detected by thread: Thread Group 1-27
2024-06-14 04:35:50,354 INFO o.a.j.t.JMeterThread: Thread finished: Thread Group 1-71
2024-06-14 04:35:50,354 INFO o.a.j.t.JMeterThread: Stopping because end time detected by thread: Thread Group 1-185
2024-06-14 04:35:50,354 INFO o.a.j.t.JMeterThread: Thread finished: Thread Group 1-185
2024-06-14 04:35:50,354 INFO o.a.j.t.JMeterThread: Thread finished: Thread Group 1-27
2024-06-14 04:35:50,354 INFO o.a.j.t.JMeterThread: Stopping because end time detected by thread: Thread Group 1-51
2024-06-14 04:35:50,354 INFO o.a.j.t.JMeterThread: Thread finished: Thread Group 1-51
2024-06-14 04:35:50,355 INFO o.a.j.t.JMeterThread: Stopping because end time detected by thread: Thread Group 1-50
2024-06-14 04:35:50,355 INFO o.a.j.t.JMeterThread: Stopping because end time detected by thread: Thread Group 1-284
2024-06-14 04:35:50,355 INFO o.a.j.t.JMeterThread: Thread finished: Thread Group 1-284
2024-06-14 04:35:50,355 INFO o.a.j.t.JMeterThread: Thread finished: Thread Group 1-50
2024-06-14 04:35:50,355 INFO o.a.j.t.JMeterThread: Stopping because end time detected by thread: Thread Group 1-209
2024-06-14 04:35:50,356 INFO o.a.j.t.JMeterThread: Thread finished: Thread Group 1-209
2024-06-14 04:35:50,356 INFO o.a.j.t.JMeterThread: Stopping because end time detected by thread: Thread Group 1-82
2024-06-14 04:35:50,356 INFO o.a.j.t.JMeterThread: Thread finished: Thread Group 1-82
2024-06-14 04:35:50,358 INFO o.a.j.t.JMeterThread: Stopping because end time detected by thread: Thread Group 1-150
2024-06-14 04:35:50,358 INFO o.a.j.t.JMeterThread: Stopping because end time detected by thread: Thread Group 1-113
2024-06-14 04:35:50,358 INFO o.a.j.t.JMeterThread: Thread finished: Thread Group 1-113
2024-06-14 04:35:50,359 INFO o.a.j.t.JMeterThread: Thread finished: Thread Group 1-150
2024-06-14 04:35:50,364 INFO o.a.j.t.JMeterThread: Stopping because end time detected by thread: Thread Group 1-99
2024-06-14 04:35:50,364 INFO o.a.j.t.JMeterThread: Thread finished: Thread Group 1-99
2024-06-14 04:35:50,366 INFO o.a.j.t.JMeterThread: Stopping because end time detected by thread: Thread Group 1-104
2024-06-14 04:35:50,366 INFO o.a.j.t.JMeterThread: Thread finished: Thread Group 1-104
2024-06-14 04:35:50,438 INFO o.a.j.t.JMeterThread: Stopping because end time detected by thread: Thread Group 1-169
2024-06-14 04:35:50,439 INFO o.a.j.t.JMeterThread: Thread finished: Thread Group 1-169
2024-06-14 04:35:50,443 INFO o.a.j.t.JMeterThread: Stopping because end time detected by thread: Thread Group 1-183
2024-06-14 04:35:50,444 INFO o.a.j.t.JMeterThread: Thread finished: Thread Group 1-183
2024-06-14 04:35:50,444 INFO o.a.j.t.JMeterThread: Stopping because end time detected by thread: Thread Group 1-124
2024-06-14 04:35:50,444 INFO o.a.j.t.JMeterThread: Thread finished: Thread Group 1-124
2024-06-14 04:35:50,448 INFO o.a.j.t.JMeterThread: Stopping because end time detected by thread: Thread Group 1-103
2024-06-14 04:35:50,449 INFO o.a.j.t.JMeterThread: Thread finished: Thread Group 1-103
2024-06-14 04:35:50,459 INFO o.a.j.t.JMeterThread: Stopping because end time detected by thread: Thread Group 1-106
2024-06-14 04:35:50,459 INFO o.a.j.t.JMeterThread: Thread finished: Thread Group 1-106
2024-06-14 04:35:50,478 INFO o.a.j.t.JMeterThread: Stopping because end time detected by thread: Thread Group 1-234
2024-06-14 04:35:50,478 INFO o.a.j.t.JMeterThread: Thread finished: Thread Group 1-234
2024-06-14 04:35:50,515 INFO o.a.j.t.JMeterThread: Stopping because end time detected by thread: Thread Group 1-286
2024-06-14 04:35:50,516 INFO o.a.j.t.JMeterThread: Thread finished: Thread Group 1-286
2024-06-14 04:35:50,518 INFO o.a.j.t.JMeterThread: Stopping because end time detected by thread: Thread Group 1-218
2024-06-14 04:35:50,519 INFO o.a.j.t.JMeterThread: Thread finished: Thread Group 1-218
2024-06-14 04:35:50,525 INFO o.a.j.t.JMeterThread: Stopping because end time detected by thread: Thread Group 1-68
2024-06-14 04:35:50,525 INFO o.a.j.t.JMeterThread: Thread finished: Thread Group 1-68
2024-06-14 04:35:50,526 INFO o.a.j.t.JMeterThread: Stopping because end time detected by thread: Thread Group 1-159
2024-06-14 04:35:50,527 INFO o.a.j.t.JMeterThread: Thread finished: Thread Group 1-159
2024-06-14 04:35:50,562 INFO o.a.j.t.JMeterThread: Stopping because end time detected by thread: Thread Group 1-7
2024-06-14 04:35:50,562 INFO o.a.j.t.JMeterThread: Thread finished: Thread Group 1-7
2024-06-14 04:35:50,573 INFO o.a.j.t.JMeterThread: Stopping because end time detected by thread: Thread Group 1-201
2024-06-14 04:35:50,574 INFO o.a.j.t.JMeterThread: Thread finished: Thread Group 1-201
2024-06-14 04:35:50,618 INFO o.a.j.t.JMeterThread: Stopping because end time detected by thread: Thread Group 1-148
2024-06-14 04:35:50,619 INFO o.a.j.t.JMeterThread: Thread finished: Thread Group 1-148
2024-06-14 04:35:50,633 INFO o.a.j.t.JMeterThread: Stopping because end time detected by thread: Thread Group 1-269
2024-06-14 04:35:50,633 INFO o.a.j.t.JMeterThread: Thread finished: Thread Group 1-269
2024-06-14 04:35:50,638 INFO o.a.j.t.JMeterThread: Stopping because end time detected by thread: Thread Group 1-212
2024-06-14 04:35:50,639 INFO o.a.j.t.JMeterThread: Thread finished: Thread Group 1-212
2024-06-14 04:35:50,648 INFO o.a.j.t.JMeterThread: Stopping because end time detected by thread: Thread Group 1-142
2024-06-14 04:35:50,649 INFO o.a.j.t.JMeterThread: Thread finished: Thread Group 1-142
2024-06-14 04:35:50,671 INFO o.a.j.t.JMeterThread: Stopping because end time detected by thread: Thread Group 1-94
2024-06-14 04:35:50,672 INFO o.a.j.t.JMeterThread: Thread finished: Thread Group 1-94
2024-06-14 04:35:50,765 INFO o.a.j.t.JMeterThread: Stopping because end time detected by thread: Thread Group 1-2
2024-06-14 04:35:50,765 INFO o.a.j.t.JMeterThread: Thread finished: Thread Group 1-2
2024-06-14 04:35:50,926 INFO o.a.j.t.JMeterThread: Stopping because end time detected by thread: Thread Group 1-273
2024-06-14 04:35:50,926 INFO o.a.j.t.JMeterThread: Thread finished: Thread Group 1-273
2024-06-14 04:35:50,933 INFO o.a.j.t.JMeterThread: Stopping because end time detected by thread: Thread Group 1-153
2024-06-14 04:35:50,933 INFO o.a.j.t.JMeterThread: Thread finished: Thread Group 1-153
2024-06-14 04:35:50,967 INFO o.a.j.t.JMeterThread: Stopping because end time detected by thread: Thread Group 1-121
2024-06-14 04:35:50,968 INFO o.a.j.t.JMeterThread: Thread finished: Thread Group 1-121
2024-06-14 04:35:50,979 INFO o.a.j.t.JMeterThread: Stopping because end time detected by thread: Thread Group 1-228
2024-06-14 04:35:50,980 INFO o.a.j.t.JMeterThread: Thread finished: Thread Group 1-228
2024-06-14 04:35:50,984 INFO o.a.j.t.JMeterThread: Stopping because end time detected by thread: Thread Group 1-109
2024-06-14 04:35:50,984 INFO o.a.j.t.JMeterThread: Thread finished: Thread Group 1-109
2024-06-14 04:35:50,985 INFO o.a.j.t.JMeterThread: Stopping because end time detected by thread: Thread Group 1-57
2024-06-14 04:35:50,985 INFO o.a.j.t.JMeterThread: Stopping because end time detected by thread: Thread Group 1-70
2024-06-14 04:35:50,986 INFO o.a.j.t.JMeterThread: Thread finished: Thread Group 1-70
2024-06-14 04:35:50,985 INFO o.a.j.t.JMeterThread: Thread finished: Thread Group 1-57
2024-06-14 04:35:50,998 INFO o.a.j.t.JMeterThread: Stopping because end time detected by thread: Thread Group 1-97
2024-06-14 04:35:50,998 INFO o.a.j.t.JMeterThread: Stopping because end time detected by thread: Thread Group 1-55
2024-06-14 04:35:50,998 INFO o.a.j.t.JMeterThread: Thread finished: Thread Group 1-97
2024-06-14 04:35:50,998 INFO o.a.j.t.JMeterThread: Thread finished: Thread Group 1-55
2024-06-14 04:35:50,999 INFO o.a.j.t.JMeterThread: Stopping because end time detected by thread: Thread Group 1-18
2024-06-14 04:35:50,999 INFO o.a.j.t.JMeterThread: Thread finished: Thread Group 1-18
2024-06-14 04:35:51,015 INFO o.a.j.t.JMeterThread: Stopping because end time detected by thread: Thread Group 1-76
2024-06-14 04:35:51,016 INFO o.a.j.t.JMeterThread: Thread finished: Thread Group 1-76
2024-06-14 04:35:51,154 INFO o.a.j.t.JMeterThread: Stopping because end time detected by thread: Thread Group 1-73
2024-06-14 04:35:51,154 INFO o.a.j.t.JMeterThread: Thread finished: Thread Group 1-73
2024-06-14 04:35:51,159 INFO o.a.j.t.JMeterThread: Stopping because end time detected by thread: Thread Group 1-126
2024-06-14 04:35:51,160 INFO o.a.j.t.JMeterThread: Thread finished: Thread Group 1-126
2024-06-14 04:35:51,185 INFO o.a.j.t.JMeterThread: Stopping because end time detected by thread: Thread Group 1-238
2024-06-14 04:35:51,185 INFO o.a.j.t.JMeterThread: Stopping because end time detected by thread: Thread Group 1-112
2024-06-14 04:35:51,186 INFO o.a.j.t.JMeterThread: Thread finished: Thread Group 1-238
2024-06-14 04:35:51,186 INFO o.a.j.t.JMeterThread: Thread finished: Thread Group 1-112
2024-06-14 04:35:51,198 INFO o.a.j.t.JMeterThread: Stopping because end time detected by thread: Thread Group 1-38
2024-06-14 04:35:51,198 INFO o.a.j.t.JMeterThread: Thread finished: Thread Group 1-38
2024-06-14 04:35:51,199 INFO o.a.j.t.JMeterThread: Stopping because end time detected by thread: Thread Group 1-30
2024-06-14 04:35:51,199 INFO o.a.j.t.JMeterThread: Thread finished: Thread Group 1-30
2024-06-14 04:35:51,202 INFO o.a.j.t.JMeterThread: Stopping because end time detected by thread: Thread Group 1-211
2024-06-14 04:35:51,202 INFO o.a.j.t.JMeterThread: Thread finished: Thread Group 1-211
2024-06-14 04:35:51,203 INFO o.a.j.t.JMeterThread: Stopping because end time detected by thread: Thread Group 1-21
2024-06-14 04:35:51,203 INFO o.a.j.t.JMeterThread: Stopping because end time detected by thread: Thread Group 1-123
2024-06-14 04:35:51,204 INFO o.a.j.t.JMeterThread: Thread finished: Thread Group 1-21
2024-06-14 04:35:51,204 INFO o.a.j.t.JMeterThread: Thread finished: Thread Group 1-123
2024-06-14 04:35:51,221 INFO o.a.j.t.JMeterThread: Stopping because end time detected by thread: Thread Group 1-4
2024-06-14 04:35:51,222 INFO o.a.j.t.JMeterThread: Thread finished: Thread Group 1-4
2024-06-14 04:35:51,252 INFO o.a.j.t.JMeterThread: Stopping because end time detected by thread: Thread Group 1-146
2024-06-14 04:35:51,252 INFO o.a.j.t.JMeterThread: Thread finished: Thread Group 1-146
2024-06-14 04:35:51,291 INFO o.a.j.t.JMeterThread: Stopping because end time detected by thread: Thread Group 1-278
2024-06-14 04:35:51,292 INFO o.a.j.t.JMeterThread: Thread finished: Thread Group 1-278
2024-06-14 04:35:51,293 INFO o.a.j.t.JMeterThread: Stopping because end time detected by thread: Thread Group 1-135
2024-06-14 04:35:51,294 INFO o.a.j.t.JMeterThread: Thread finished: Thread Group 1-135
2024-06-14 04:35:51,302 INFO o.a.j.t.JMeterThread: Stopping because end time detected by thread: Thread Group 1-202
2024-06-14 04:35:51,303 INFO o.a.j.t.JMeterThread: Thread finished: Thread Group 1-202
2024-06-14 04:35:51,304 INFO o.a.j.t.JMeterThread: Stopping because end time detected by thread: Thread Group 1-17
2024-06-14 04:35:51,304 INFO o.a.j.t.JMeterThread: Thread finished: Thread Group 1-17
2024-06-14 04:35:51,305 INFO o.a.j.t.JMeterThread: Stopping because end time detected by thread: Thread Group 1-177
2024-06-14 04:35:51,306 INFO o.a.j.t.JMeterThread: Thread finished: Thread Group 1-177
2024-06-14 04:35:51,307 INFO o.a.j.t.JMeterThread: Stopping because end time detected by thread: Thread Group 1-166
2024-06-14 04:35:51,307 INFO o.a.j.t.JMeterThread: Thread finished: Thread Group 1-166
2024-06-14 04:35:51,313 INFO o.a.j.t.JMeterThread: Stopping because end time detected by thread: Thread Group 1-171
2024-06-14 04:35:51,313 INFO o.a.j.t.JMeterThread: Thread finished: Thread Group 1-171
2024-06-14 04:35:51,314 INFO o.a.j.t.JMeterThread: Stopping because end time detected by thread: Thread Group 1-170
2024-06-14 04:35:51,314 INFO o.a.j.t.JMeterThread: Thread finished: Thread Group 1-170
2024-06-14 04:35:51,317 INFO o.a.j.t.JMeterThread: Stopping because end time detected by thread: Thread Group 1-45
2024-06-14 04:35:51,317 INFO o.a.j.t.JMeterThread: Thread finished: Thread Group 1-45
2024-06-14 04:35:51,323 INFO o.a.j.t.JMeterThread: Stopping because end time detected by thread: Thread Group 1-219
2024-06-14 04:35:51,323 INFO o.a.j.t.JMeterThread: Thread finished: Thread Group 1-219
2024-06-14 04:35:51,325 INFO o.a.j.t.JMeterThread: Stopping because end time detected by thread: Thread Group 1-255
2024-06-14 04:35:51,325 INFO o.a.j.t.JMeterThread: Thread finished: Thread Group 1-255
2024-06-14 04:35:51,338 INFO o.a.j.t.JMeterThread: Stopping because end time detected by thread: Thread Group 1-197
2024-06-14 04:35:51,339 INFO o.a.j.t.JMeterThread: Thread finished: Thread Group 1-197
2024-06-14 04:35:51,339 INFO o.a.j.t.JMeterThread: Stopping because end time detected by thread: Thread Group 1-130
2024-06-14 04:35:51,339 INFO o.a.j.t.JMeterThread: Thread finished: Thread Group 1-130
2024-06-14 04:35:51,340 INFO o.a.j.t.JMeterThread: Stopping because end time detected by thread: Thread Group 1-79
2024-06-14 04:35:51,340 INFO o.a.j.t.JMeterThread: Stopping because end time detected by thread: Thread Group 1-275
2024-06-14 04:35:51,340 INFO o.a.j.t.JMeterThread: Thread finished: Thread Group 1-79
2024-06-14 04:35:51,340 INFO o.a.j.t.JMeterThread: Thread finished: Thread Group 1-275
2024-06-14 04:35:51,342 INFO o.a.j.t.JMeterThread: Stopping because end time detected by thread: Thread Group 1-66
2024-06-14 04:35:51,342 INFO o.a.j.t.JMeterThread: Thread finished: Thread Group 1-66
2024-06-14 04:35:51,343 INFO o.a.j.t.JMeterThread: Stopping because end time detected by thread: Thread Group 1-167
2024-06-14 04:35:51,343 INFO o.a.j.t.JMeterThread: Thread finished: Thread Group 1-167
2024-06-14 04:35:51,344 INFO o.a.j.t.JMeterThread: Stopping because end time detected by thread: Thread Group 1-300
2024-06-14 04:35:51,344 INFO o.a.j.t.JMeterThread: Thread finished: Thread Group 1-300
2024-06-14 04:35:51,344 INFO o.a.j.t.JMeterThread: Stopping because end time detected by thread: Thread Group 1-13
2024-06-14 04:35:51,344 INFO o.a.j.t.JMeterThread: Thread finished: Thread Group 1-13
2024-06-14 04:35:51,345 INFO o.a.j.t.JMeterThread: Stopping because end time detected by thread: Thread Group 1-216
2024-06-14 04:35:51,345 INFO o.a.j.t.JMeterThread: Thread finished: Thread Group 1-216
2024-06-14 04:35:51,345 INFO o.a.j.t.JMeterThread: Stopping because end time detected by thread: Thread Group 1-293
2024-06-14 04:35:51,345 INFO o.a.j.t.JMeterThread: Thread finished: Thread Group 1-293
2024-06-14 04:35:51,346 INFO o.a.j.t.JMeterThread: Stopping because end time detected by thread: Thread Group 1-81
2024-06-14 04:35:51,346 INFO o.a.j.t.JMeterThread: Stopping because end time detected by thread: Thread Group 1-64
2024-06-14 04:35:51,346 INFO o.a.j.t.JMeterThread: Thread finished: Thread Group 1-64
2024-06-14 04:35:51,346 INFO o.a.j.t.JMeterThread: Stopping because end time detected by thread: Thread Group 1-270
2024-06-14 04:35:51,346 INFO o.a.j.t.JMeterThread: Thread finished: Thread Group 1-270
2024-06-14 04:35:51,347 INFO o.a.j.t.JMeterThread: Stopping because end time detected by thread: Thread Group 1-229
2024-06-14 04:35:51,347 INFO o.a.j.t.JMeterThread: Thread finished: Thread Group 1-229
2024-06-14 04:35:51,347 INFO o.a.j.t.JMeterThread: Stopping because end time detected by thread: Thread Group 1-271
2024-06-14 04:35:51,347 INFO o.a.j.t.JMeterThread: Thread finished: Thread Group 1-271
2024-06-14 04:35:51,348 INFO o.a.j.t.JMeterThread: Stopping because end time detected by thread: Thread Group 1-188
2024-06-14 04:35:51,348 INFO o.a.j.t.JMeterThread: Thread finished: Thread Group 1-188
2024-06-14 04:35:51,348 INFO o.a.j.t.JMeterThread: Stopping because end time detected by thread: Thread Group 1-208
2024-06-14 04:35:51,348 INFO o.a.j.t.JMeterThread: Thread finished: Thread Group 1-208
2024-06-14 04:35:51,346 INFO o.a.j.t.JMeterThread: Thread finished: Thread Group 1-81
2024-06-14 04:35:51,350 INFO o.a.j.t.JMeterThread: Stopping because end time detected by thread: Thread Group 1-127
2024-06-14 04:35:51,350 INFO o.a.j.t.JMeterThread: Thread finished: Thread Group 1-127
2024-06-14 04:35:51,351 INFO o.a.j.t.JMeterThread: Stopping because end time detected by thread: Thread Group 1-242
2024-06-14 04:35:51,351 INFO o.a.j.t.JMeterThread: Thread finished: Thread Group 1-242
2024-06-14 04:35:51,351 INFO o.a.j.t.JMeterThread: Stopping because end time detected by thread: Thread Group 1-5
2024-06-14 04:35:51,352 INFO o.a.j.t.JMeterThread: Thread finished: Thread Group 1-5
2024-06-14 04:35:51,352 INFO o.a.j.t.JMeterThread: Stopping because end time detected by thread: Thread Group 1-227
2024-06-14 04:35:51,352 INFO o.a.j.t.JMeterThread: Thread finished: Thread Group 1-227
2024-06-14 04:35:51,352 INFO o.a.j.t.JMeterThread: Stopping because end time detected by thread: Thread Group 1-32
2024-06-14 04:35:51,353 INFO o.a.j.t.JMeterThread: Thread finished: Thread Group 1-32
2024-06-14 04:35:51,354 INFO o.a.j.t.JMeterThread: Stopping because end time detected by thread: Thread Group 1-86
2024-06-14 04:35:51,355 INFO o.a.j.t.JMeterThread: Thread finished: Thread Group 1-86
2024-06-14 04:35:51,356 INFO o.a.j.t.JMeterThread: Stopping because end time detected by thread: Thread Group 1-84
2024-06-14 04:35:51,356 INFO o.a.j.t.JMeterThread: Thread finished: Thread Group 1-84
2024-06-14 04:35:51,356 INFO o.a.j.t.JMeterThread: Stopping because end time detected by thread: Thread Group 1-254
2024-06-14 04:35:51,356 INFO o.a.j.t.JMeterThread: Thread finished: Thread Group 1-254
2024-06-14 04:35:51,357 INFO o.a.j.t.JMeterThread: Stopping because end time detected by thread: Thread Group 1-247
2024-06-14 04:35:51,357 INFO o.a.j.t.JMeterThread: Thread finished: Thread Group 1-247
2024-06-14 04:35:51,357 INFO o.a.j.t.JMeterThread: Stopping because end time detected by thread: Thread Group 1-47
2024-06-14 04:35:51,357 INFO o.a.j.t.JMeterThread: Thread finished: Thread Group 1-47
2024-06-14 04:35:51,357 INFO o.a.j.t.JMeterThread: Stopping because end time detected by thread: Thread Group 1-19
2024-06-14 04:35:51,357 INFO o.a.j.t.JMeterThread: Stopping because end time detected by thread: Thread Group 1-56
2024-06-14 04:35:51,357 INFO o.a.j.t.JMeterThread: Thread finished: Thread Group 1-19
2024-06-14 04:35:51,357 INFO o.a.j.t.JMeterThread: Thread finished: Thread Group 1-56
2024-06-14 04:35:51,357 INFO o.a.j.t.JMeterThread: Stopping because end time detected by thread: Thread Group 1-261
2024-06-14 04:35:51,358 INFO o.a.j.t.JMeterThread: Thread finished: Thread Group 1-261
2024-06-14 04:35:51,358 INFO o.a.j.t.JMeterThread: Stopping because end time detected by thread: Thread Group 1-193
2024-06-14 04:35:51,358 INFO o.a.j.t.JMeterThread: Thread finished: Thread Group 1-193
2024-06-14 04:35:51,359 INFO o.a.j.t.JMeterThread: Stopping because end time detected by thread: Thread Group 1-24
2024-06-14 04:35:51,359 INFO o.a.j.t.JMeterThread: Thread finished: Thread Group 1-24
2024-06-14 04:35:51,359 INFO o.a.j.t.JMeterThread: Stopping because end time detected by thread: Thread Group 1-246
2024-06-14 04:35:51,359 INFO o.a.j.t.JMeterThread: Thread finished: Thread Group 1-246
2024-06-14 04:35:51,360 INFO o.a.j.t.JMeterThread: Stopping because end time detected by thread: Thread Group 1-274
2024-06-14 04:35:51,360 INFO o.a.j.t.JMeterThread: Thread finished: Thread Group 1-274
2024-06-14 04:35:51,360 INFO o.a.j.t.JMeterThread: Stopping because end time detected by thread: Thread Group 1-235
2024-06-14 04:35:51,360 INFO o.a.j.t.JMeterThread: Thread finished: Thread Group 1-235
2024-06-14 04:35:51,362 INFO o.a.j.t.JMeterThread: Stopping because end time detected by thread: Thread Group 1-213
2024-06-14 04:35:51,362 INFO o.a.j.t.JMeterThread: Thread finished: Thread Group 1-213
2024-06-14 04:35:51,362 INFO o.a.j.t.JMeterThread: Stopping because end time detected by thread: Thread Group 1-75
2024-06-14 04:35:51,362 INFO o.a.j.t.JMeterThread: Thread finished: Thread Group 1-75
2024-06-14 04:35:51,362 INFO o.a.j.t.JMeterThread: Stopping because end time detected by thread: Thread Group 1-222
2024-06-14 04:35:51,362 INFO o.a.j.t.JMeterThread: Stopping because end time detected by thread: Thread Group 1-215
2024-06-14 04:35:51,362 INFO o.a.j.t.JMeterThread: Thread finished: Thread Group 1-222
2024-06-14 04:35:51,362 INFO o.a.j.t.JMeterThread: Thread finished: Thread Group 1-215
2024-06-14 04:35:51,363 INFO o.a.j.t.JMeterThread: Stopping because end time detected by thread: Thread Group 1-256
2024-06-14 04:35:51,363 INFO o.a.j.t.JMeterThread: Thread finished: Thread Group 1-256
2024-06-14 04:35:51,363 INFO o.a.j.t.JMeterThread: Stopping because end time detected by thread: Thread Group 1-28
2024-06-14 04:35:51,363 INFO o.a.j.t.JMeterThread: Thread finished: Thread Group 1-28
2024-06-14 04:35:51,364 INFO o.a.j.t.JMeterThread: Stopping because end time detected by thread: Thread Group 1-210
2024-06-14 04:35:51,364 INFO o.a.j.t.JMeterThread: Thread finished: Thread Group 1-210
2024-06-14 04:35:51,364 INFO o.a.j.t.JMeterThread: Stopping because end time detected by thread: Thread Group 1-295
2024-06-14 04:35:51,364 INFO o.a.j.t.JMeterThread: Thread finished: Thread Group 1-295
2024-06-14 04:35:51,365 INFO o.a.j.t.JMeterThread: Stopping because end time detected by thread: Thread Group 1-59
2024-06-14 04:35:51,365 INFO o.a.j.t.JMeterThread: Thread finished: Thread Group 1-59
2024-06-14 04:35:51,365 INFO o.a.j.t.JMeterThread: Stopping because end time detected by thread: Thread Group 1-48
2024-06-14 04:35:51,365 INFO o.a.j.t.JMeterThread: Thread finished: Thread Group 1-48
2024-06-14 04:35:51,365 INFO o.a.j.t.JMeterThread: Stopping because end time detected by thread: Thread Group 1-14
2024-06-14 04:35:51,365 INFO o.a.j.t.JMeterThread: Thread finished: Thread Group 1-14
2024-06-14 04:35:51,366 INFO o.a.j.t.JMeterThread: Stopping because end time detected by thread: Thread Group 1-49
2024-06-14 04:35:51,366 INFO o.a.j.t.JMeterThread: Thread finished: Thread Group 1-49
2024-06-14 04:35:51,367 INFO o.a.j.t.JMeterThread: Stopping because end time detected by thread: Thread Group 1-263
2024-06-14 04:35:51,367 INFO o.a.j.t.JMeterThread: Thread finished: Thread Group 1-263
2024-06-14 04:35:51,368 INFO o.a.j.t.JMeterThread: Stopping because end time detected by thread: Thread Group 1-157
2024-06-14 04:35:51,368 INFO o.a.j.t.JMeterThread: Thread finished: Thread Group 1-157
2024-06-14 04:35:51,370 INFO o.a.j.t.JMeterThread: Stopping because end time detected by thread: Thread Group 1-63
2024-06-14 04:35:51,370 INFO o.a.j.t.JMeterThread: Thread finished: Thread Group 1-63
2024-06-14 04:35:51,370 INFO o.a.j.t.JMeterThread: Stopping because end time detected by thread: Thread Group 1-282
2024-06-14 04:35:51,371 INFO o.a.j.t.JMeterThread: Thread finished: Thread Group 1-282
2024-06-14 04:35:51,371 INFO o.a.j.t.JMeterThread: Stopping because end time detected by thread: Thread Group 1-205
2024-06-14 04:35:51,371 INFO o.a.j.t.JMeterThread: Thread finished: Thread Group 1-205
2024-06-14 04:35:51,372 INFO o.a.j.t.JMeterThread: Stopping because end time detected by thread: Thread Group 1-287
2024-06-14 04:35:51,372 INFO o.a.j.t.JMeterThread: Thread finished: Thread Group 1-287
2024-06-14 04:35:51,374 INFO o.a.j.t.JMeterThread: Stopping because end time detected by thread: Thread Group 1-114
2024-06-14 04:35:51,373 INFO o.a.j.t.JMeterThread: Stopping because end time detected by thread: Thread Group 1-172
2024-06-14 04:35:51,374 INFO o.a.j.t.JMeterThread: Thread finished: Thread Group 1-114
2024-06-14 04:35:51,374 INFO o.a.j.t.JMeterThread: Stopping because end time detected by thread: Thread Group 1-214
2024-06-14 04:35:51,374 INFO o.a.j.t.JMeterThread: Thread finished: Thread Group 1-214
2024-06-14 04:35:51,374 INFO o.a.j.t.JMeterThread: Stopping because end time detected by thread: Thread Group 1-110
2024-06-14 04:35:51,374 INFO o.a.j.t.JMeterThread: Thread finished: Thread Group 1-110
2024-06-14 04:35:51,374 INFO o.a.j.t.JMeterThread: Thread finished: Thread Group 1-172
2024-06-14 04:35:51,376 INFO o.a.j.t.JMeterThread: Stopping because end time detected by thread: Thread Group 1-37
2024-06-14 04:35:51,376 INFO o.a.j.t.JMeterThread: Thread finished: Thread Group 1-37
2024-06-14 04:35:51,377 INFO o.a.j.t.JMeterThread: Stopping because end time detected by thread: Thread Group 1-279
2024-06-14 04:35:51,377 INFO o.a.j.t.JMeterThread: Thread finished: Thread Group 1-279
2024-06-14 04:35:51,377 INFO o.a.j.t.JMeterThread: Stopping because end time detected by thread: Thread Group 1-290
2024-06-14 04:35:51,377 INFO o.a.j.t.JMeterThread: Thread finished: Thread Group 1-290
2024-06-14 04:35:51,378 INFO o.a.j.t.JMeterThread: Stopping because end time detected by thread: Thread Group 1-133
2024-06-14 04:35:51,378 INFO o.a.j.t.JMeterThread: Thread finished: Thread Group 1-133
2024-06-14 04:35:51,379 INFO o.a.j.t.JMeterThread: Stopping because end time detected by thread: Thread Group 1-253
2024-06-14 04:35:51,379 INFO o.a.j.t.JMeterThread: Thread finished: Thread Group 1-253
2024-06-14 04:35:51,379 INFO o.a.j.t.JMeterThread: Stopping because end time detected by thread: Thread Group 1-52
2024-06-14 04:35:51,379 INFO o.a.j.t.JMeterThread: Thread finished: Thread Group 1-52
2024-06-14 04:35:51,383 INFO o.a.j.t.JMeterThread: Stopping because end time detected by thread: Thread Group 1-96
2024-06-14 04:35:51,383 INFO o.a.j.t.JMeterThread: Thread finished: Thread Group 1-96
2024-06-14 04:35:51,384 INFO o.a.j.t.JMeterThread: Stopping because end time detected by thread: Thread Group 1-141
2024-06-14 04:35:51,384 INFO o.a.j.t.JMeterThread: Thread finished: Thread Group 1-141
2024-06-14 04:35:51,385 INFO o.a.j.t.JMeterThread: Stopping because end time detected by thread: Thread Group 1-173
2024-06-14 04:35:51,385 INFO o.a.j.t.JMeterThread: Thread finished: Thread Group 1-173
2024-06-14 04:35:51,385 INFO o.a.j.t.JMeterThread: Stopping because end time detected by thread: Thread Group 1-46
2024-06-14 04:35:51,385 INFO o.a.j.t.JMeterThread: Thread finished: Thread Group 1-46
2024-06-14 04:35:51,388 INFO o.a.j.t.JMeterThread: Stopping because end time detected by thread: Thread Group 1-200
2024-06-14 04:35:51,388 INFO o.a.j.t.JMeterThread: Thread finished: Thread Group 1-200
2024-06-14 04:35:51,400 INFO o.a.j.t.JMeterThread: Stopping because end time detected by thread: Thread Group 1-233
2024-06-14 04:35:51,400 INFO o.a.j.t.JMeterThread: Thread finished: Thread Group 1-233
2024-06-14 04:35:51,400 INFO o.a.j.t.JMeterThread: Stopping because end time detected by thread: Thread Group 1-154
2024-06-14 04:35:51,400 INFO o.a.j.t.JMeterThread: Stopping because end time detected by thread: Thread Group 1-223
2024-06-14 04:35:51,401 INFO o.a.j.t.JMeterThread: Stopping because end time detected by thread: Thread Group 1-1
2024-06-14 04:35:51,401 INFO o.a.j.t.JMeterThread: Thread finished: Thread Group 1-223
2024-06-14 04:35:51,401 INFO o.a.j.t.JMeterThread: Stopping because end time detected by thread: Thread Group 1-35
2024-06-14 04:35:51,401 INFO o.a.j.t.JMeterThread: Thread finished: Thread Group 1-35
2024-06-14 04:35:51,402 INFO o.a.j.t.JMeterThread: Stopping because end time detected by thread: Thread Group 1-289
2024-06-14 04:35:51,402 INFO o.a.j.t.JMeterThread: Thread finished: Thread Group 1-289
2024-06-14 04:35:51,402 INFO o.a.j.t.JMeterThread: Stopping because end time detected by thread: Thread Group 1-285
2024-06-14 04:35:51,403 INFO o.a.j.t.JMeterThread: Thread finished: Thread Group 1-285
2024-06-14 04:35:51,403 INFO o.a.j.t.JMeterThread: Stopping because end time detected by thread: Thread Group 1-138
2024-06-14 04:35:51,403 INFO o.a.j.t.JMeterThread: Thread finished: Thread Group 1-138
2024-06-14 04:35:51,403 INFO o.a.j.t.JMeterThread: Stopping because end time detected by thread: Thread Group 1-143
2024-06-14 04:35:51,403 INFO o.a.j.t.JMeterThread: Thread finished: Thread Group 1-143
2024-06-14 04:35:51,403 INFO o.a.j.t.JMeterThread: Stopping because end time detected by thread: Thread Group 1-83
2024-06-14 04:35:51,404 INFO o.a.j.t.JMeterThread: Thread finished: Thread Group 1-83
2024-06-14 04:35:51,404 INFO o.a.j.t.JMeterThread: Stopping because end time detected by thread: Thread Group 1-54
2024-06-14 04:35:51,404 INFO o.a.j.t.JMeterThread: Thread finished: Thread Group 1-54
2024-06-14 04:35:51,404 INFO o.a.j.t.JMeterThread: Stopping because end time detected by thread: Thread Group 1-259
2024-06-14 04:35:51,405 INFO o.a.j.t.JMeterThread: Thread finished: Thread Group 1-259
2024-06-14 04:35:51,405 INFO o.a.j.t.JMeterThread: Stopping because end time detected by thread: Thread Group 1-155
2024-06-14 04:35:51,405 INFO o.a.j.t.JMeterThread: Thread finished: Thread Group 1-155
2024-06-14 04:35:51,405 INFO o.a.j.t.JMeterThread: Stopping because end time detected by thread: Thread Group 1-174
2024-06-14 04:35:51,405 INFO o.a.j.t.JMeterThread: Thread finished: Thread Group 1-174
2024-06-14 04:35:51,405 INFO o.a.j.t.JMeterThread: Thread finished: Thread Group 1-154
2024-06-14 04:35:51,405 INFO o.a.j.t.JMeterThread: Stopping because end time detected by thread: Thread Group 1-15
2024-06-14 04:35:51,406 INFO o.a.j.t.JMeterThread: Thread finished: Thread Group 1-15
2024-06-14 04:35:51,406 INFO o.a.j.t.JMeterThread: Stopping because end time detected by thread: Thread Group 1-151
2024-06-14 04:35:51,406 INFO o.a.j.t.JMeterThread: Thread finished: Thread Group 1-151
2024-06-14 04:35:51,406 INFO o.a.j.t.JMeterThread: Stopping because end time detected by thread: Thread Group 1-31
2024-06-14 04:35:51,406 INFO o.a.j.t.JMeterThread: Thread finished: Thread Group 1-31
2024-06-14 04:35:51,406 INFO o.a.j.t.JMeterThread: Stopping because end time detected by thread: Thread Group 1-196
2024-06-14 04:35:51,406 INFO o.a.j.t.JMeterThread: Thread finished: Thread Group 1-196
2024-06-14 04:35:51,407 INFO o.a.j.t.JMeterThread: Stopping because end time detected by thread: Thread Group 1-260
2024-06-14 04:35:51,407 INFO o.a.j.t.JMeterThread: Thread finished: Thread Group 1-260
2024-06-14 04:35:51,407 INFO o.a.j.t.JMeterThread: Stopping because end time detected by thread: Thread Group 1-122
2024-06-14 04:35:51,407 INFO o.a.j.t.JMeterThread: Thread finished: Thread Group 1-122
2024-06-14 04:35:51,407 INFO o.a.j.t.JMeterThread: Stopping because end time detected by thread: Thread Group 1-280
2024-06-14 04:35:51,407 INFO o.a.j.t.JMeterThread: Stopping because end time detected by thread: Thread Group 1-198
2024-06-14 04:35:51,407 INFO o.a.j.t.JMeterThread: Thread finished: Thread Group 1-280
2024-06-14 04:35:51,407 INFO o.a.j.t.JMeterThread: Stopping because end time detected by thread: Thread Group 1-11
2024-06-14 04:35:51,408 INFO o.a.j.t.JMeterThread: Thread finished: Thread Group 1-11
2024-06-14 04:35:51,408 INFO o.a.j.t.JMeterThread: Stopping because end time detected by thread: Thread Group 1-139
2024-06-14 04:35:51,408 INFO o.a.j.t.JMeterThread: Thread finished: Thread Group 1-139
2024-06-14 04:35:51,408 INFO o.a.j.t.JMeterThread: Stopping because end time detected by thread: Thread Group 1-9
2024-06-14 04:35:51,408 INFO o.a.j.t.JMeterThread: Thread finished: Thread Group 1-9
2024-06-14 04:35:51,408 INFO o.a.j.t.JMeterThread: Stopping because end time detected by thread: Thread Group 1-187
2024-06-14 04:35:51,408 INFO o.a.j.t.JMeterThread: Thread finished: Thread Group 1-187
2024-06-14 04:35:51,408 INFO o.a.j.t.JMeterThread: Stopping because end time detected by thread: Thread Group 1-158
2024-06-14 04:35:51,408 INFO o.a.j.t.JMeterThread: Thread finished: Thread Group 1-158
2024-06-14 04:35:51,408 INFO o.a.j.t.JMeterThread: Thread finished: Thread Group 1-1
2024-06-14 04:35:51,409 INFO o.a.j.t.JMeterThread: Thread finished: Thread Group 1-198
2024-06-14 04:35:51,409 INFO o.a.j.t.JMeterThread: Stopping because end time detected by thread: Thread Group 1-69
2024-06-14 04:35:51,409 INFO o.a.j.t.JMeterThread: Thread finished: Thread Group 1-69
2024-06-14 04:35:51,409 INFO o.a.j.t.JMeterThread: Stopping because end time detected by thread: Thread Group 1-108
2024-06-14 04:35:51,409 INFO o.a.j.t.JMeterThread: Stopping because end time detected by thread: Thread Group 1-33
2024-06-14 04:35:51,409 INFO o.a.j.t.JMeterThread: Thread finished: Thread Group 1-108
2024-06-14 04:35:51,409 INFO o.a.j.t.JMeterThread: Thread finished: Thread Group 1-33
2024-06-14 04:35:51,409 INFO o.a.j.t.JMeterThread: Stopping because end time detected by thread: Thread Group 1-144
2024-06-14 04:35:51,409 INFO o.a.j.t.JMeterThread: Thread finished: Thread Group 1-144
2024-06-14 04:35:51,410 INFO o.a.j.t.JMeterThread: Stopping because end time detected by thread: Thread Group 1-44
2024-06-14 04:35:51,410 INFO o.a.j.t.JMeterThread: Thread finished: Thread Group 1-44
2024-06-14 04:35:51,410 INFO o.a.j.t.JMeterThread: Stopping because end time detected by thread: Thread Group 1-176
2024-06-14 04:35:51,410 INFO o.a.j.t.JMeterThread: Stopping because end time detected by thread: Thread Group 1-277
2024-06-14 04:35:51,410 INFO o.a.j.t.JMeterThread: Thread finished: Thread Group 1-277
2024-06-14 04:35:51,410 INFO o.a.j.t.JMeterThread: Thread finished: Thread Group 1-176
2024-06-14 04:35:51,411 INFO o.a.j.t.JMeterThread: Stopping because end time detected by thread: Thread Group 1-299
2024-06-14 04:35:51,411 INFO o.a.j.t.JMeterThread: Thread finished: Thread Group 1-299
2024-06-14 04:35:51,411 INFO o.a.j.t.JMeterThread: Stopping because end time detected by thread: Thread Group 1-243
2024-06-14 04:35:51,411 INFO o.a.j.t.JMeterThread: Thread finished: Thread Group 1-243
2024-06-14 04:35:51,411 INFO o.a.j.t.JMeterThread: Stopping because end time detected by thread: Thread Group 1-23
2024-06-14 04:35:51,412 INFO o.a.j.t.JMeterThread: Thread finished: Thread Group 1-23
2024-06-14 04:35:51,412 INFO o.a.j.t.JMeterThread: Stopping because end time detected by thread: Thread Group 1-95
2024-06-14 04:35:51,414 INFO o.a.j.t.JMeterThread: Stopping because end time detected by thread: Thread Group 1-131
2024-06-14 04:35:51,414 INFO o.a.j.t.JMeterThread: Stopping because end time detected by thread: Thread Group 1-249
2024-06-14 04:35:51,422 INFO o.a.j.t.JMeterThread: Thread finished: Thread Group 1-95
2024-06-14 04:35:51,422 INFO o.a.j.t.JMeterThread: Thread finished: Thread Group 1-249
2024-06-14 04:35:51,413 INFO o.a.j.t.JMeterThread: Stopping because end time detected by thread: Thread Group 1-92
2024-06-14 04:35:51,415 INFO o.a.j.t.JMeterThread: Stopping because end time detected by thread: Thread Group 1-297
2024-06-14 04:35:51,423 INFO o.a.j.t.JMeterThread: Thread finished: Thread Group 1-92
2024-06-14 04:35:51,423 INFO o.a.j.t.JMeterThread: Stopping because end time detected by thread: Thread Group 1-100
2024-06-14 04:35:51,423 INFO o.a.j.t.JMeterThread: Thread finished: Thread Group 1-100
2024-06-14 04:35:51,419 INFO o.a.j.t.JMeterThread: Stopping because end time detected by thread: Thread Group 1-230
2024-06-14 04:35:51,423 INFO o.a.j.t.JMeterThread: Thread finished: Thread Group 1-230
2024-06-14 04:35:51,423 INFO o.a.j.t.JMeterThread: Stopping because end time detected by thread: Thread Group 1-128
2024-06-14 04:35:51,423 INFO o.a.j.t.JMeterThread: Thread finished: Thread Group 1-128
2024-06-14 04:35:51,424 INFO o.a.j.t.JMeterThread: Stopping because end time detected by thread: Thread Group 1-107
2024-06-14 04:35:51,424 INFO o.a.j.t.JMeterThread: Thread finished: Thread Group 1-107
2024-06-14 04:35:51,424 INFO o.a.j.t.JMeterThread: Stopping because end time detected by thread: Thread Group 1-164
2024-06-14 04:35:51,424 INFO o.a.j.t.JMeterThread: Thread finished: Thread Group 1-164
2024-06-14 04:35:51,424 INFO o.a.j.t.JMeterThread: Stopping because end time detected by thread: Thread Group 1-226
2024-06-14 04:35:51,424 INFO o.a.j.t.JMeterThread: Thread finished: Thread Group 1-226
2024-06-14 04:35:51,425 INFO o.a.j.t.JMeterThread: Stopping because end time detected by thread: Thread Group 1-145
2024-06-14 04:35:51,425 INFO o.a.j.t.JMeterThread: Stopping because end time detected by thread: Thread Group 1-118
2024-06-14 04:35:51,425 INFO o.a.j.t.JMeterThread: Thread finished: Thread Group 1-145
2024-06-14 04:35:51,425 INFO o.a.j.t.JMeterThread: Thread finished: Thread Group 1-118
2024-06-14 04:35:51,425 INFO o.a.j.t.JMeterThread: Stopping because end time detected by thread: Thread Group 1-120
2024-06-14 04:35:51,425 INFO o.a.j.t.JMeterThread: Stopping because end time detected by thread: Thread Group 1-36
2024-06-14 04:35:51,426 INFO o.a.j.t.JMeterThread: Thread finished: Thread Group 1-120
2024-06-14 04:35:51,426 INFO o.a.j.t.JMeterThread: Stopping because end time detected by thread: Thread Group 1-116
2024-06-14 04:35:51,426 INFO o.a.j.t.JMeterThread: Thread finished: Thread Group 1-116
2024-06-14 04:35:51,426 INFO o.a.j.t.JMeterThread: Stopping because end time detected by thread: Thread Group 1-203
2024-06-14 04:35:51,426 INFO o.a.j.t.JMeterThread: Thread finished: Thread Group 1-203
2024-06-14 04:35:51,426 INFO o.a.j.t.JMeterThread: Stopping because end time detected by thread: Thread Group 1-179
2024-06-14 04:35:51,426 INFO o.a.j.t.JMeterThread: Stopping because end time detected by thread: Thread Group 1-195
2024-06-14 04:35:51,426 INFO o.a.j.t.JMeterThread: Thread finished: Thread Group 1-179
2024-06-14 04:35:51,414 INFO o.a.j.t.JMeterThread: Stopping because end time detected by thread: Thread Group 1-194
2024-06-14 04:35:51,426 INFO o.a.j.t.JMeterThread: Stopping because end time detected by thread: Thread Group 1-152
2024-06-14 04:35:51,427 INFO o.a.j.t.JMeterThread: Thread finished: Thread Group 1-194
2024-06-14 04:35:51,427 INFO o.a.j.t.JMeterThread: Stopping because end time detected by thread: Thread Group 1-88
2024-06-14 04:35:51,427 INFO o.a.j.t.JMeterThread: Thread finished: Thread Group 1-88
2024-06-14 04:35:51,427 INFO o.a.j.t.JMeterThread: Stopping because end time detected by thread: Thread Group 1-288
2024-06-14 04:35:51,427 INFO o.a.j.t.JMeterThread: Thread finished: Thread Group 1-288
2024-06-14 04:35:51,427 INFO o.a.j.t.JMeterThread: Stopping because end time detected by thread: Thread Group 1-39
2024-06-14 04:35:51,415 INFO o.a.j.t.JMeterThread: Stopping because end time detected by thread: Thread Group 1-204
2024-06-14 04:35:51,427 INFO o.a.j.t.JMeterThread: Thread finished: Thread Group 1-204
2024-06-14 04:35:51,427 INFO o.a.j.t.JMeterThread: Stopping because end time detected by thread: Thread Group 1-117
2024-06-14 04:35:51,427 INFO o.a.j.t.JMeterThread: Thread finished: Thread Group 1-117
2024-06-14 04:35:51,428 INFO o.a.j.t.JMeterThread: Stopping because end time detected by thread: Thread Group 1-91
2024-06-14 04:35:51,428 INFO o.a.j.t.JMeterThread: Thread finished: Thread Group 1-91
2024-06-14 04:35:51,428 INFO o.a.j.t.JMeterThread: Stopping because end time detected by thread: Thread Group 1-136
2024-06-14 04:35:51,428 INFO o.a.j.t.JMeterThread: Thread finished: Thread Group 1-136
2024-06-14 04:35:51,428 INFO o.a.j.t.JMeterThread: Stopping because end time detected by thread: Thread Group 1-43
2024-06-14 04:35:51,429 INFO o.a.j.t.JMeterThread: Stopping because end time detected by thread: Thread Group 1-147
2024-06-14 04:35:51,429 INFO o.a.j.t.JMeterThread: Thread finished: Thread Group 1-43
2024-06-14 04:35:51,412 INFO o.a.j.t.JMeterThread: Stopping because end time detected by thread: Thread Group 1-137
2024-06-14 04:35:51,429 INFO o.a.j.t.JMeterThread: Thread finished: Thread Group 1-147
2024-06-14 04:35:51,415 INFO o.a.j.t.JMeterThread: Stopping because end time detected by thread: Thread Group 1-241
2024-06-14 04:35:51,414 INFO o.a.j.t.JMeterThread: Stopping because end time detected by thread: Thread Group 1-162
2024-06-14 04:35:51,429 INFO o.a.j.t.JMeterThread: Thread finished: Thread Group 1-162
2024-06-14 04:35:51,429 INFO o.a.j.t.JMeterThread: Thread finished: Thread Group 1-241
2024-06-14 04:35:51,415 INFO o.a.j.t.JMeterThread: Stopping because end time detected by thread: Thread Group 1-283
2024-06-14 04:35:51,429 INFO o.a.j.t.JMeterThread: Thread finished: Thread Group 1-283
2024-06-14 04:35:51,414 INFO o.a.j.t.JMeterThread: Stopping because end time detected by thread: Thread Group 1-250
2024-06-14 04:35:51,429 INFO o.a.j.t.JMeterThread: Thread finished: Thread Group 1-250
2024-06-14 04:35:51,429 INFO o.a.j.t.JMeterThread: Stopping because end time detected by thread: Thread Group 1-77
2024-06-14 04:35:51,429 INFO o.a.j.t.JMeterThread: Thread finished: Thread Group 1-77
2024-06-14 04:35:51,429 INFO o.a.j.t.JMeterThread: Stopping because end time detected by thread: Thread Group 1-175
2024-06-14 04:35:51,429 INFO o.a.j.t.JMeterThread: Thread finished: Thread Group 1-175
2024-06-14 04:35:51,422 INFO o.a.j.t.JMeterThread: Stopping because end time detected by thread: Thread Group 1-25
2024-06-14 04:35:51,430 INFO o.a.j.t.JMeterThread: Thread finished: Thread Group 1-25
2024-06-14 04:35:51,430 INFO o.a.j.t.JMeterThread: Stopping because end time detected by thread: Thread Group 1-292
2024-06-14 04:35:51,430 INFO o.a.j.t.JMeterThread: Thread finished: Thread Group 1-292
2024-06-14 04:35:51,430 INFO o.a.j.t.JMeterThread: Stopping because end time detected by thread: Thread Group 1-190
2024-06-14 04:35:51,430 INFO o.a.j.t.JMeterThread: Thread finished: Thread Group 1-190
2024-06-14 04:35:51,419 INFO o.a.j.t.JMeterThread: Stopping because end time detected by thread: Thread Group 1-62
2024-06-14 04:35:51,430 INFO o.a.j.t.JMeterThread: Stopping because end time detected by thread: Thread Group 1-90
2024-06-14 04:35:51,430 INFO o.a.j.t.JMeterThread: Thread finished: Thread Group 1-62
2024-06-14 04:35:51,430 INFO o.a.j.t.JMeterThread: Thread finished: Thread Group 1-90
2024-06-14 04:35:51,430 INFO o.a.j.t.JMeterThread: Stopping because end time detected by thread: Thread Group 1-191
2024-06-14 04:35:51,430 INFO o.a.j.t.JMeterThread: Thread finished: Thread Group 1-191
2024-06-14 04:35:51,430 INFO o.a.j.t.JMeterThread: Stopping because end time detected by thread: Thread Group 1-267
2024-06-14 04:35:51,431 INFO o.a.j.t.JMeterThread: Thread finished: Thread Group 1-267
2024-06-14 04:35:51,413 INFO o.a.j.t.JMeterThread: Stopping because end time detected by thread: Thread Group 1-61
2024-06-14 04:35:51,431 INFO o.a.j.t.JMeterThread: Thread finished: Thread Group 1-61
2024-06-14 04:35:51,413 INFO o.a.j.t.JMeterThread: Stopping because end time detected by thread: Thread Group 1-134
2024-06-14 04:35:51,431 INFO o.a.j.t.JMeterThread: Thread finished: Thread Group 1-134
2024-06-14 04:35:51,431 INFO o.a.j.t.JMeterThread: Stopping because end time detected by thread: Thread Group 1-22
2024-06-14 04:35:51,431 INFO o.a.j.t.JMeterThread: Thread finished: Thread Group 1-22
2024-06-14 04:35:51,431 INFO o.a.j.t.JMeterThread: Stopping because end time detected by thread: Thread Group 1-236
2024-06-14 04:35:51,431 INFO o.a.j.t.JMeterThread: Thread finished: Thread Group 1-236
2024-06-14 04:35:51,432 INFO o.a.j.t.JMeterThread: Stopping because end time detected by thread: Thread Group 1-93
2024-06-14 04:35:51,432 INFO o.a.j.t.JMeterThread: Thread finished: Thread Group 1-93
2024-06-14 04:35:51,422 INFO o.a.j.t.JMeterThread: Stopping because end time detected by thread: Thread Group 1-40
2024-06-14 04:35:51,432 INFO o.a.j.t.JMeterThread: Thread finished: Thread Group 1-40
2024-06-14 04:35:51,412 INFO o.a.j.t.JMeterThread: Stopping because end time detected by thread: Thread Group 1-85
2024-06-14 04:35:51,432 INFO o.a.j.t.JMeterThread: Thread finished: Thread Group 1-85
2024-06-14 04:35:51,412 INFO o.a.j.t.JMeterThread: Stopping because end time detected by thread: Thread Group 1-245
2024-06-14 04:35:51,433 INFO o.a.j.t.JMeterThread: Thread finished: Thread Group 1-245
2024-06-14 04:35:51,422 INFO o.a.j.t.JMeterThread: Stopping because end time detected by thread: Thread Group 1-281
2024-06-14 04:35:51,433 INFO o.a.j.t.JMeterThread: Thread finished: Thread Group 1-281
2024-06-14 04:35:51,422 INFO o.a.j.t.JMeterThread: Stopping because end time detected by thread: Thread Group 1-264
2024-06-14 04:35:51,433 INFO o.a.j.t.JMeterThread: Thread finished: Thread Group 1-264
2024-06-14 04:35:51,412 INFO o.a.j.t.JMeterThread: Stopping because end time detected by thread: Thread Group 1-89
2024-06-14 04:35:51,433 INFO o.a.j.t.JMeterThread: Thread finished: Thread Group 1-89
2024-06-14 04:35:51,422 INFO o.a.j.t.JMeterThread: Stopping because end time detected by thread: Thread Group 1-237
2024-06-14 04:35:51,422 INFO o.a.j.t.JMeterThread: Stopping because end time detected by thread: Thread Group 1-65
2024-06-14 04:35:51,433 INFO o.a.j.t.JMeterThread: Thread finished: Thread Group 1-65
2024-06-14 04:35:51,415 INFO o.a.j.t.JMeterThread: Stopping because end time detected by thread: Thread Group 1-60
2024-06-14 04:35:51,434 INFO o.a.j.t.JMeterThread: Thread finished: Thread Group 1-60
2024-06-14 04:35:51,422 INFO o.a.j.t.JMeterThread: Stopping because end time detected by thread: Thread Group 1-192
2024-06-14 04:35:51,434 INFO o.a.j.t.JMeterThread: Thread finished: Thread Group 1-192
2024-06-14 04:35:51,422 INFO o.a.j.t.JMeterThread: Stopping because end time detected by thread: Thread Group 1-224
2024-06-14 04:35:51,434 INFO o.a.j.t.JMeterThread: Thread finished: Thread Group 1-224
2024-06-14 04:35:51,434 INFO o.a.j.t.JMeterThread: Stopping because end time detected by thread: Thread Group 1-276
2024-06-14 04:35:51,422 INFO o.a.j.t.JMeterThread: Stopping because end time detected by thread: Thread Group 1-160
2024-06-14 04:35:51,434 INFO o.a.j.t.JMeterThread: Thread finished: Thread Group 1-276
2024-06-14 04:35:51,434 INFO o.a.j.t.JMeterThread: Thread finished: Thread Group 1-160
2024-06-14 04:35:51,434 INFO o.a.j.t.JMeterThread: Stopping because end time detected by thread: Thread Group 1-180
2024-06-14 04:35:51,434 INFO o.a.j.t.JMeterThread: Thread finished: Thread Group 1-180
2024-06-14 04:35:51,422 INFO o.a.j.t.JMeterThread: Stopping because end time detected by thread: Thread Group 1-268
2024-06-14 04:35:51,422 INFO o.a.j.t.JMeterThread: Stopping because end time detected by thread: Thread Group 1-140
2024-06-14 04:35:51,435 INFO o.a.j.t.JMeterThread: Thread finished: Thread Group 1-140
2024-06-14 04:35:51,421 INFO o.a.j.t.JMeterThread: Stopping because end time detected by thread: Thread Group 1-244
2024-06-14 04:35:51,435 INFO o.a.j.t.JMeterThread: Stopping because end time detected by thread: Thread Group 1-8
2024-06-14 04:35:51,435 INFO o.a.j.t.JMeterThread: Thread finished: Thread Group 1-244
2024-06-14 04:35:51,435 INFO o.a.j.t.JMeterThread: Thread finished: Thread Group 1-8
2024-06-14 04:35:51,435 INFO o.a.j.t.JMeterThread: Thread finished: Thread Group 1-268
2024-06-14 04:35:51,435 INFO o.a.j.t.JMeterThread: Thread finished: Thread Group 1-237
2024-06-14 04:35:51,421 INFO o.a.j.t.JMeterThread: Stopping because end time detected by thread: Thread Group 1-98
2024-06-14 04:35:51,436 INFO o.a.j.t.JMeterThread: Thread finished: Thread Group 1-98
2024-06-14 04:35:51,421 INFO o.a.j.t.JMeterThread: Stopping because end time detected by thread: Thread Group 1-105
2024-06-14 04:35:51,436 INFO o.a.j.t.JMeterThread: Thread finished: Thread Group 1-105
2024-06-14 04:35:51,421 INFO o.a.j.t.JMeterThread: Stopping because end time detected by thread: Thread Group 1-186
2024-06-14 04:35:51,436 INFO o.a.j.t.JMeterThread: Thread finished: Thread Group 1-186
2024-06-14 04:35:51,421 INFO o.a.j.t.JMeterThread: Stopping because end time detected by thread: Thread Group 1-125
2024-06-14 04:35:51,421 INFO o.a.j.t.JMeterThread: Stopping because end time detected by thread: Thread Group 1-41
2024-06-14 04:35:51,420 INFO o.a.j.t.JMeterThread: Stopping because end time detected by thread: Thread Group 1-182
2024-06-14 04:35:51,437 INFO o.a.j.t.JMeterThread: Thread finished: Thread Group 1-41
2024-06-14 04:35:51,437 INFO o.a.j.t.JMeterThread: Thread finished: Thread Group 1-182
2024-06-14 04:35:51,437 INFO o.a.j.t.JMeterThread: Thread finished: Thread Group 1-125
2024-06-14 04:35:51,420 INFO o.a.j.t.JMeterThread: Stopping because end time detected by thread: Thread Group 1-53
2024-06-14 04:35:51,420 INFO o.a.j.t.JMeterThread: Stopping because end time detected by thread: Thread Group 1-156
2024-06-14 04:35:51,437 INFO o.a.j.t.JMeterThread: Thread finished: Thread Group 1-156
2024-06-14 04:35:51,438 INFO o.a.j.t.JMeterThread: Thread finished: Thread Group 1-53
2024-06-14 04:35:51,420 INFO o.a.j.t.JMeterThread: Stopping because end time detected by thread: Thread Group 1-217
2024-06-14 04:35:51,438 INFO o.a.j.t.JMeterThread: Thread finished: Thread Group 1-217
2024-06-14 04:35:51,420 INFO o.a.j.t.JMeterThread: Stopping because end time detected by thread: Thread Group 1-165
2024-06-14 04:35:51,438 INFO o.a.j.t.JMeterThread: Thread finished: Thread Group 1-165
2024-06-14 04:35:51,419 INFO o.a.j.t.JMeterThread: Stopping because end time detected by thread: Thread Group 1-34
2024-06-14 04:35:51,439 INFO o.a.j.t.JMeterThread: Thread finished: Thread Group 1-34
2024-06-14 04:35:51,419 INFO o.a.j.t.JMeterThread: Stopping because end time detected by thread: Thread Group 1-221
2024-06-14 04:35:51,439 INFO o.a.j.t.JMeterThread: Thread finished: Thread Group 1-221
2024-06-14 04:35:51,419 INFO o.a.j.t.JMeterThread: Stopping because end time detected by thread: Thread Group 1-232
2024-06-14 04:35:51,439 INFO o.a.j.t.JMeterThread: Thread finished: Thread Group 1-232
2024-06-14 04:35:51,419 INFO o.a.j.t.JMeterThread: Stopping because end time detected by thread: Thread Group 1-102
2024-06-14 04:35:51,419 INFO o.a.j.t.JMeterThread: Stopping because end time detected by thread: Thread Group 1-239
2024-06-14 04:35:51,419 INFO o.a.j.t.JMeterThread: Stopping because end time detected by thread: Thread Group 1-132
2024-06-14 04:35:51,439 INFO o.a.j.t.JMeterThread: Thread finished: Thread Group 1-132
2024-06-14 04:35:51,439 INFO o.a.j.t.JMeterThread: Thread finished: Thread Group 1-102
2024-06-14 04:35:51,418 INFO o.a.j.t.JMeterThread: Stopping because end time detected by thread: Thread Group 1-225
2024-06-14 04:35:51,440 INFO o.a.j.t.JMeterThread: Thread finished: Thread Group 1-225
2024-06-14 04:35:51,418 INFO o.a.j.t.JMeterThread: Stopping because end time detected by thread: Thread Group 1-231
2024-06-14 04:35:51,418 INFO o.a.j.t.JMeterThread: Stopping because end time detected by thread: Thread Group 1-129
2024-06-14 04:35:51,440 INFO o.a.j.t.JMeterThread: Thread finished: Thread Group 1-129
2024-06-14 04:35:51,418 INFO o.a.j.t.JMeterThread: Stopping because end time detected by thread: Thread Group 1-20
2024-06-14 04:35:51,440 INFO o.a.j.t.JMeterThread: Thread finished: Thread Group 1-20
2024-06-14 04:35:51,418 INFO o.a.j.t.JMeterThread: Stopping because end time detected by thread: Thread Group 1-119
2024-06-14 04:35:51,417 INFO o.a.j.t.JMeterThread: Stopping because end time detected by thread: Thread Group 1-26
2024-06-14 04:35:51,440 INFO o.a.j.t.JMeterThread: Thread finished: Thread Group 1-26
2024-06-14 04:35:51,440 INFO o.a.j.t.JMeterThread: Thread finished: Thread Group 1-231
2024-06-14 04:35:51,418 INFO o.a.j.t.JMeterThread: Stopping because end time detected by thread: Thread Group 1-74
2024-06-14 04:35:51,418 INFO o.a.j.t.JMeterThread: Stopping because end time detected by thread: Thread Group 1-58
2024-06-14 04:35:51,440 INFO o.a.j.t.JMeterThread: Thread finished: Thread Group 1-74
2024-06-14 04:35:51,418 INFO o.a.j.t.JMeterThread: Stopping because end time detected by thread: Thread Group 1-206
2024-06-14 04:35:51,417 INFO o.a.j.t.JMeterThread: Stopping because end time detected by thread: Thread Group 1-240
2024-06-14 04:35:51,417 INFO o.a.j.t.JMeterThread: Stopping because end time detected by thread: Thread Group 1-258
2024-06-14 04:35:51,440 INFO o.a.j.t.JMeterThread: Thread finished: Thread Group 1-258
2024-06-14 04:35:51,417 INFO o.a.j.t.JMeterThread: Stopping because end time detected by thread: Thread Group 1-29
2024-06-14 04:35:51,417 INFO o.a.j.t.JMeterThread: Stopping because end time detected by thread: Thread Group 1-252
2024-06-14 04:35:51,441 INFO o.a.j.t.JMeterThread: Thread finished: Thread Group 1-119
2024-06-14 04:35:51,441 INFO o.a.j.t.JMeterThread: Thread finished: Thread Group 1-252
2024-06-14 04:35:51,441 INFO o.a.j.t.JMeterThread: Thread finished: Thread Group 1-240
2024-06-14 04:35:51,417 INFO o.a.j.t.JMeterThread: Stopping because end time detected by thread: Thread Group 1-265
2024-06-14 04:35:51,417 INFO o.a.j.t.JMeterThread: Stopping because end time detected by thread: Thread Group 1-296
2024-06-14 04:35:51,441 INFO o.a.j.t.JMeterThread: Thread finished: Thread Group 1-296
2024-06-14 04:35:51,441 INFO o.a.j.t.JMeterThread: Thread finished: Thread Group 1-265
2024-06-14 04:35:51,416 INFO o.a.j.t.JMeterThread: Stopping because end time detected by thread: Thread Group 1-272
2024-06-14 04:35:51,416 INFO o.a.j.t.JMeterThread: Stopping because end time detected by thread: Thread Group 1-67
2024-06-14 04:35:51,441 INFO o.a.j.t.JMeterThread: Thread finished: Thread Group 1-67
2024-06-14 04:35:51,416 INFO o.a.j.t.JMeterThread: Stopping because end time detected by thread: Thread Group 1-189
2024-06-14 04:35:51,442 INFO o.a.j.t.JMeterThread: Thread finished: Thread Group 1-272
2024-06-14 04:35:51,442 INFO o.a.j.t.JMeterThread: Thread finished: Thread Group 1-189
2024-06-14 04:35:51,416 INFO o.a.j.t.JMeterThread: Stopping because end time detected by thread: Thread Group 1-87
2024-06-14 04:35:51,442 INFO o.a.j.t.JMeterThread: Thread finished: Thread Group 1-87
2024-06-14 04:35:51,416 INFO o.a.j.t.JMeterThread: Stopping because end time detected by thread: Thread Group 1-220
2024-06-14 04:35:51,442 INFO o.a.j.t.JMeterThread: Thread finished: Thread Group 1-220
2024-06-14 04:35:51,416 INFO o.a.j.t.JMeterThread: Stopping because end time detected by thread: Thread Group 1-80
2024-06-14 04:35:51,442 INFO o.a.j.t.JMeterThread: Thread finished: Thread Group 1-80
2024-06-14 04:35:51,416 INFO o.a.j.t.JMeterThread: Stopping because end time detected by thread: Thread Group 1-168
2024-06-14 04:35:51,442 INFO o.a.j.t.JMeterThread: Thread finished: Thread Group 1-168
2024-06-14 04:35:51,416 INFO o.a.j.t.JMeterThread: Stopping because end time detected by thread: Thread Group 1-181
2024-06-14 04:35:51,443 INFO o.a.j.t.JMeterThread: Thread finished: Thread Group 1-181
2024-06-14 04:35:51,415 INFO o.a.j.t.JMeterThread: Stopping because end time detected by thread: Thread Group 1-16
2024-06-14 04:35:51,443 INFO o.a.j.t.JMeterThread: Thread finished: Thread Group 1-16
2024-06-14 04:35:51,441 INFO o.a.j.t.JMeterThread: Thread finished: Thread Group 1-206
2024-06-14 04:35:51,443 INFO o.a.j.t.JMeterThread: Thread finished: Thread Group 1-29
2024-06-14 04:35:51,440 INFO o.a.j.t.JMeterThread: Thread finished: Thread Group 1-58
2024-06-14 04:35:51,444 INFO o.a.j.t.JMeterThread: Thread finished: Thread Group 1-137
2024-06-14 04:35:51,444 INFO o.a.j.t.JMeterThread: Thread finished: Thread Group 1-39
2024-06-14 04:35:51,445 INFO o.a.j.t.JMeterThread: Thread finished: Thread Group 1-195
2024-06-14 04:35:51,445 INFO o.a.j.t.JMeterThread: Thread finished: Thread Group 1-36
2024-06-14 04:35:51,423 INFO o.a.j.t.JMeterThread: Stopping because end time detected by thread: Thread Group 1-42
2024-06-14 04:35:51,445 INFO o.a.j.t.JMeterThread: Thread finished: Thread Group 1-42
2024-06-14 04:35:51,445 INFO o.a.j.t.JMeterThread: Thread finished: Thread Group 1-297
2024-06-14 04:35:51,445 INFO o.a.j.t.JMeterThread: Thread finished: Thread Group 1-131
2024-06-14 04:35:51,445 INFO o.a.j.t.JMeterThread: Thread finished: Thread Group 1-152
2024-06-14 04:35:51,446 INFO o.a.j.t.JMeterThread: Thread finished: Thread Group 1-239
2024-06-14 04:35:51,446 INFO o.a.j.e.StandardJMeterEngine: Notifying test listeners of end of test
2024-06-14 04:35:51,448 INFO o.a.j.r.Summariser: summary +   6030 in 00:00:21 =  283.8/s Avg:  1072 Min:  1001 Max:  1205 Err:     0 (0.00%) Active: 0 Started: 300 Finished: 300
2024-06-14 04:35:51,448 INFO o.a.j.r.Summariser: summary =  59797 in 00:06:01 =  165.6/s Avg:  1056 Min:  1001 Max:  1264 Err:     0 (0.00%)
